Aug  1 20:51:33: access: connection for localhost from ::1 (Mozilla/5.0 (Macintosh; Intel Mac OS X 10_7_5) AppleWebKit/537.36 (KHTML, like Gecko) Chrome/28.0.1500.95 Safari/537.36): 
Aug  1 20:51:33: access: connection for localhost from ::1 (Mozilla/5.0 (Macintosh; Intel Mac OS X 10_7_5) AppleWebKit/537.36 (KHTML, like Gecko) Chrome/28.0.1500.95 Safari/537.36): cache.manifest
Aug  1 20:51:33: access: connection for localhost from ::1 (Mozilla/5.0 (Macintosh; Intel Mac OS X 10_7_5) AppleWebKit/537.36 (KHTML, like Gecko) Chrome/28.0.1500.95 Safari/537.36): bootstrap.min.css
Aug  1 20:51:33: access: connection for localhost from ::1 (Mozilla/5.0 (Macintosh; Intel Mac OS X 10_7_5) AppleWebKit/537.36 (KHTML, like Gecko) Chrome/28.0.1500.95 Safari/537.36): dom_type.css
Aug  1 20:51:33: access: connection for localhost from ::1 (Mozilla/5.0 (Macintosh; Intel Mac OS X 10_7_5) AppleWebKit/537.36 (KHTML, like Gecko) Chrome/28.0.1500.95 Safari/537.36): w2wt.js
Aug  1 20:51:33: access: connection for localhost from ::1 (Mozilla/5.0 (Macintosh; Intel Mac OS X 10_7_5) AppleWebKit/537.36 (KHTML, like Gecko) Chrome/28.0.1500.95 Safari/537.36): favicon.ico
Aug  1 20:51:33: access: connection for localhost from ::1 (Mozilla/5.0 (Macintosh; Intel Mac OS X 10_7_5) AppleWebKit/537.36 (KHTML, like Gecko) Chrome/28.0.1500.95 Safari/537.36): favicon.ico
Aug  1 20:51:34: access: connection for localhost from ::1 (Mozilla/5.0 (Macintosh; Intel Mac OS X 10_7_5) AppleWebKit/537.36 (KHTML, like Gecko) Chrome/28.0.1500.95 Safari/537.36): favicon.ico
Aug  7 16:05:34: access: connection for localhost from ::1 (Mozilla/5.0 (Macintosh; Intel Mac OS X 10_7_5) AppleWebKit/537.36 (KHTML, like Gecko) Chrome/28.0.1500.95 Safari/537.36): 
Aug  7 16:05:34: access: connection for localhost from ::1 (Mozilla/5.0 (Macintosh; Intel Mac OS X 10_7_5) AppleWebKit/537.36 (KHTML, like Gecko) Chrome/28.0.1500.95 Safari/537.36): cache.manifest
Aug  7 16:05:34: access: connection for localhost from ::1 (Mozilla/5.0 (Macintosh; Intel Mac OS X 10_7_5) AppleWebKit/537.36 (KHTML, like Gecko) Chrome/28.0.1500.95 Safari/537.36): bootstrap.min.css
Aug  7 16:05:34: access: connection for localhost from ::1 (Mozilla/5.0 (Macintosh; Intel Mac OS X 10_7_5) AppleWebKit/537.36 (KHTML, like Gecko) Chrome/28.0.1500.95 Safari/537.36): dom_type.css
Aug  7 16:05:35: access: connection for localhost from ::1 (Mozilla/5.0 (Macintosh; Intel Mac OS X 10_7_5) AppleWebKit/537.36 (KHTML, like Gecko) Chrome/28.0.1500.95 Safari/537.36): w2wt.js
Aug  7 16:05:35: access: connection for localhost from ::1 (Mozilla/5.0 (Macintosh; Intel Mac OS X 10_7_5) AppleWebKit/537.36 (KHTML, like Gecko) Chrome/28.0.1500.95 Safari/537.36): 
Aug  7 16:05:35: access: connection for localhost from ::1 (Mozilla/5.0 (Macintosh; Intel Mac OS X 10_7_5) AppleWebKit/537.36 (KHTML, like Gecko) Chrome/28.0.1500.95 Safari/537.36): favicon.ico
Aug  7 16:05:35: access: connection for localhost from ::1 (Mozilla/5.0 (Macintosh; Intel Mac OS X 10_7_5) AppleWebKit/537.36 (KHTML, like Gecko) Chrome/28.0.1500.95 Safari/537.36): favicon.ico
Aug  7 16:05:35: access: connection for localhost from ::1 (Mozilla/5.0 (Macintosh; Intel Mac OS X 10_7_5) AppleWebKit/537.36 (KHTML, like Gecko) Chrome/28.0.1500.95 Safari/537.36): w7QSyXa4dBatCU4MtElEovE6lqG.jpg
Aug  7 16:05:35: access: connection for localhost from ::1 (Mozilla/5.0 (Macintosh; Intel Mac OS X 10_7_5) AppleWebKit/537.36 (KHTML, like Gecko) Chrome/28.0.1500.95 Safari/537.36): muZ27fJFOIKB7Sj3QVd3EiDSGWt.jpg
Aug  7 16:05:35: access: connection for localhost from ::1 (Mozilla/5.0 (Macintosh; Intel Mac OS X 10_7_5) AppleWebKit/537.36 (KHTML, like Gecko) Chrome/28.0.1500.95 Safari/537.36): 8QF48QS5lvtrhOclt22RFz3bSQm.jpg
Aug  7 16:05:35: access: connection for localhost from ::1 (Mozilla/5.0 (Macintosh; Intel Mac OS X 10_7_5) AppleWebKit/537.36 (KHTML, like Gecko) Chrome/28.0.1500.95 Safari/537.36): vQLocx1ruaPlv2bbAL21aldnUEc.jpg
Aug  7 16:05:35: access: connection for localhost from ::1 (Mozilla/5.0 (Macintosh; Intel Mac OS X 10_7_5) AppleWebKit/537.36 (KHTML, like Gecko) Chrome/28.0.1500.95 Safari/537.36): 9X5ZdXN3allytoJBSiJSJPHQ6uz.jpg
Aug  7 16:05:35: access: connection for localhost from ::1 (Mozilla/5.0 (Macintosh; Intel Mac OS X 10_7_5) AppleWebKit/537.36 (KHTML, like Gecko) Chrome/28.0.1500.95 Safari/537.36): jOTgnFicPlSGB1CUiK1ELjp67P4.jpg
Aug  7 16:05:35: access: connection for localhost from ::1 (Mozilla/5.0 (Macintosh; Intel Mac OS X 10_7_5) AppleWebKit/537.36 (KHTML, like Gecko) Chrome/28.0.1500.95 Safari/537.36): uoXBI3B41lPidGKIALDLyfNzUUv.jpg
Aug  7 16:05:35: access: connection for localhost from ::1 (Mozilla/5.0 (Macintosh; Intel Mac OS X 10_7_5) AppleWebKit/537.36 (KHTML, like Gecko) Chrome/28.0.1500.95 Safari/537.36): y72VtU6bYHVe5jtzlnbeYmdJ3ry.jpg
Aug  7 16:05:35: access: connection for localhost from ::1 (Mozilla/5.0 (Macintosh; Intel Mac OS X 10_7_5) AppleWebKit/537.36 (KHTML, like Gecko) Chrome/28.0.1500.95 Safari/537.36): qi4V20bYyclriiOXzsfbejypy8u.jpg
Aug  7 16:05:35: access: connection for localhost from ::1 (Mozilla/5.0 (Macintosh; Intel Mac OS X 10_7_5) AppleWebKit/537.36 (KHTML, like Gecko) Chrome/28.0.1500.95 Safari/537.36): 7fkxD64TI0zYzGT8EJFb5JcImNz.jpg
Aug  7 16:05:35: access: connection for localhost from ::1 (Mozilla/5.0 (Macintosh; Intel Mac OS X 10_7_5) AppleWebKit/537.36 (KHTML, like Gecko) Chrome/28.0.1500.95 Safari/537.36): rxvjPfk4ccdljH1I0udUtGRw0nm.jpg
Aug  7 16:05:35: access: connection for localhost from ::1 (Mozilla/5.0 (Macintosh; Intel Mac OS X 10_7_5) AppleWebKit/537.36 (KHTML, like Gecko) Chrome/28.0.1500.95 Safari/537.36): uBxO2nEQaQ9vtyzW4iMZRRb4Bux.jpg
Aug  7 16:05:35: access: connection for localhost from ::1 (Mozilla/5.0 (Macintosh; Intel Mac OS X 10_7_5) AppleWebKit/537.36 (KHTML, like Gecko) Chrome/28.0.1500.95 Safari/537.36): 4e2PvHrLPDYqeCHC1FnbHaEPxEd.jpg
Aug  7 16:05:35: access: connection for localhost from ::1 (Mozilla/5.0 (Macintosh; Intel Mac OS X 10_7_5) AppleWebKit/537.36 (KHTML, like Gecko) Chrome/28.0.1500.95 Safari/537.36): cbf8112i76kBdLtZxrUJboDGxTa.jpg
Aug  7 16:05:35: access: connection for localhost from ::1 (Mozilla/5.0 (Macintosh; Intel Mac OS X 10_7_5) AppleWebKit/537.36 (KHTML, like Gecko) Chrome/28.0.1500.95 Safari/537.36): 1SiAtvQzQmHvUE9xTKnnz6o4tlQ.jpg
Aug  7 16:05:35: access: connection for localhost from ::1 (Mozilla/5.0 (Macintosh; Intel Mac OS X 10_7_5) AppleWebKit/537.36 (KHTML, like Gecko) Chrome/28.0.1500.95 Safari/537.36): l2OWBxQBs4OH4MSaK6roP12Vljg.jpg
Aug  7 16:05:35: access: connection for localhost from ::1 (Mozilla/5.0 (Macintosh; Intel Mac OS X 10_7_5) AppleWebKit/537.36 (KHTML, like Gecko) Chrome/28.0.1500.95 Safari/537.36): 5uMJbuTO5yossGYsLJLVzL5jqRo.jpg
Aug  7 16:05:35: access: connection for localhost from ::1 (Mozilla/5.0 (Macintosh; Intel Mac OS X 10_7_5) AppleWebKit/537.36 (KHTML, like Gecko) Chrome/28.0.1500.95 Safari/537.36): eWTxj1DxyfILASuPsPYZvUcIBkI.jpg
Aug  7 16:05:35: access: connection for localhost from ::1 (Mozilla/5.0 (Macintosh; Intel Mac OS X 10_7_5) AppleWebKit/537.36 (KHTML, like Gecko) Chrome/28.0.1500.95 Safari/537.36): eXjWKx6cyD48hcI0fMODNkbmmzO.jpg
Aug  7 16:05:35: access: connection for localhost from ::1 (Mozilla/5.0 (Macintosh; Intel Mac OS X 10_7_5) AppleWebKit/537.36 (KHTML, like Gecko) Chrome/28.0.1500.95 Safari/537.36): aA5o7ZgILTTel8Qb3uzTToOiMGu.jpg
Aug  7 16:05:35: access: connection for localhost from ::1 (Mozilla/5.0 (Macintosh; Intel Mac OS X 10_7_5) AppleWebKit/537.36 (KHTML, like Gecko) Chrome/28.0.1500.95 Safari/537.36): AuhevZysRpWVOTCj8hZpL5ynlCx.jpg
Aug  7 16:05:35: access: connection for localhost from ::1 (Mozilla/5.0 (Macintosh; Intel Mac OS X 10_7_5) AppleWebKit/537.36 (KHTML, like Gecko) Chrome/28.0.1500.95 Safari/537.36): xopaNXZrNjvpVgYrUWTtGhb3Ylu.jpg
Aug  7 16:05:35: access: connection for localhost from ::1 (Mozilla/5.0 (Macintosh; Intel Mac OS X 10_7_5) AppleWebKit/537.36 (KHTML, like Gecko) Chrome/28.0.1500.95 Safari/537.36): 8rXtIpv5oI8FeDhhJudQrJoWGQo.jpg
Aug  7 16:05:35: access: connection for localhost from ::1 (Mozilla/5.0 (Macintosh; Intel Mac OS X 10_7_5) AppleWebKit/537.36 (KHTML, like Gecko) Chrome/28.0.1500.95 Safari/537.36): cidB6VUW93PJcQVFts7rfadCzRr.jpg
Aug  7 16:05:35: access: connection for localhost from ::1 (Mozilla/5.0 (Macintosh; Intel Mac OS X 10_7_5) AppleWebKit/537.36 (KHTML, like Gecko) Chrome/28.0.1500.95 Safari/537.36): bj4OGRPIP0RNUYytnvGzPRrtZ8h.jpg
Aug  7 16:05:35: access: connection for localhost from ::1 (Mozilla/5.0 (Macintosh; Intel Mac OS X 10_7_5) AppleWebKit/537.36 (KHTML, like Gecko) Chrome/28.0.1500.95 Safari/537.36): ekAYwaxY9OAZUhe3Ej9RHJk1CTB.jpg
Aug  7 16:05:35: access: connection for localhost from ::1 (Mozilla/5.0 (Macintosh; Intel Mac OS X 10_7_5) AppleWebKit/537.36 (KHTML, like Gecko) Chrome/28.0.1500.95 Safari/537.36): 7RHuxP60mMnjGlx16A2AZY68zUn.jpg
Aug  7 16:05:35: access: connection for localhost from ::1 (Mozilla/5.0 (Macintosh; Intel Mac OS X 10_7_5) AppleWebKit/537.36 (KHTML, like Gecko) Chrome/28.0.1500.95 Safari/537.36): qaQdtZCJL5G6gGMCCsZOYEXxNIG.jpg
Aug  7 16:05:35: access: connection for localhost from ::1 (Mozilla/5.0 (Macintosh; Intel Mac OS X 10_7_5) AppleWebKit/537.36 (KHTML, like Gecko) Chrome/28.0.1500.95 Safari/537.36): lqJpNpAHKIy9TwjwgZFNHANkwbp.jpg
Aug  7 16:05:35: access: connection for localhost from ::1 (Mozilla/5.0 (Macintosh; Intel Mac OS X 10_7_5) AppleWebKit/537.36 (KHTML, like Gecko) Chrome/28.0.1500.95 Safari/537.36): u0cO0O1AdMt7J87gC8lfPIifZLL.jpg
Aug  7 16:05:35: access: connection for localhost from ::1 (Mozilla/5.0 (Macintosh; Intel Mac OS X 10_7_5) AppleWebKit/537.36 (KHTML, like Gecko) Chrome/28.0.1500.95 Safari/537.36): qczbnkRh59p3thNOHMQ3Ko3EgEK.jpg
Aug  7 16:05:35: access: connection for localhost from ::1 (Mozilla/5.0 (Macintosh; Intel Mac OS X 10_7_5) AppleWebKit/537.36 (KHTML, like Gecko) Chrome/28.0.1500.95 Safari/537.36): gzMERoFVmLyXKZw18iw7wh7DIWD.jpg
Aug  7 16:05:35: access: connection for localhost from ::1 (Mozilla/5.0 (Macintosh; Intel Mac OS X 10_7_5) AppleWebKit/537.36 (KHTML, like Gecko) Chrome/28.0.1500.95 Safari/537.36): 4o6tjuSTEkX75Ad58aJBQAc1MHa.jpg
Aug  7 16:05:35: access: connection for localhost from ::1 (Mozilla/5.0 (Macintosh; Intel Mac OS X 10_7_5) AppleWebKit/537.36 (KHTML, like Gecko) Chrome/28.0.1500.95 Safari/537.36): vTG0Ib0DIaOA4kFSeqdDJCpDAaQ.jpg
Aug  7 16:05:35: access: connection for localhost from ::1 (Mozilla/5.0 (Macintosh; Intel Mac OS X 10_7_5) AppleWebKit/537.36 (KHTML, like Gecko) Chrome/28.0.1500.95 Safari/537.36): yvffanDScIyRiPgOcvw8Fq0LAQL.jpg
Aug  7 16:05:35: access: connection for localhost from ::1 (Mozilla/5.0 (Macintosh; Intel Mac OS X 10_7_5) AppleWebKit/537.36 (KHTML, like Gecko) Chrome/28.0.1500.95 Safari/537.36): joe5E1OExeDiX0Q3q1zwDbovlPS.jpg
Aug  7 16:05:35: access: connection for localhost from ::1 (Mozilla/5.0 (Macintosh; Intel Mac OS X 10_7_5) AppleWebKit/537.36 (KHTML, like Gecko) Chrome/28.0.1500.95 Safari/537.36): t3IQ4YOwFG71M1tBZFXSTaLBcux.jpg
Aug  7 16:05:35: access: connection for localhost from ::1 (Mozilla/5.0 (Macintosh; Intel Mac OS X 10_7_5) AppleWebKit/537.36 (KHTML, like Gecko) Chrome/28.0.1500.95 Safari/537.36): a2Fw81m2gbHtIYHY2QI52e0QkGx.jpg
Aug  7 16:05:35: access: connection for localhost from ::1 (Mozilla/5.0 (Macintosh; Intel Mac OS X 10_7_5) AppleWebKit/537.36 (KHTML, like Gecko) Chrome/28.0.1500.95 Safari/537.36): 7u2TPy9xNscPlRXhLNvLqiF9h8C.jpg
Aug  7 16:05:35: access: connection for localhost from ::1 (Mozilla/5.0 (Macintosh; Intel Mac OS X 10_7_5) AppleWebKit/537.36 (KHTML, like Gecko) Chrome/28.0.1500.95 Safari/537.36): djRDTKgtKFacrQlsBylMbVznAu0.jpg
Aug  7 16:05:35: access: connection for localhost from ::1 (Mozilla/5.0 (Macintosh; Intel Mac OS X 10_7_5) AppleWebKit/537.36 (KHTML, like Gecko) Chrome/28.0.1500.95 Safari/537.36): gRJfZJfL0HIvPZvdNGaSVE59alO.jpg
Aug  7 16:05:35: access: connection for localhost from ::1 (Mozilla/5.0 (Macintosh; Intel Mac OS X 10_7_5) AppleWebKit/537.36 (KHTML, like Gecko) Chrome/28.0.1500.95 Safari/537.36): lHbmFFqy0U5HNdoeV3C7X4WvgF2.jpg
Aug  7 16:05:35: access: connection for localhost from ::1 (Mozilla/5.0 (Macintosh; Intel Mac OS X 10_7_5) AppleWebKit/537.36 (KHTML, like Gecko) Chrome/28.0.1500.95 Safari/537.36): 54TY40dtFm5uX4AlRzF2Iep3orD.jpg
Aug  7 16:05:35: access: connection for localhost from ::1 (Mozilla/5.0 (Macintosh; Intel Mac OS X 10_7_5) AppleWebKit/537.36 (KHTML, like Gecko) Chrome/28.0.1500.95 Safari/537.36): uOJJqjdu4vCFGnrQ3CHTT9rPbha.jpg
Aug  7 16:05:35: access: connection for localhost from ::1 (Mozilla/5.0 (Macintosh; Intel Mac OS X 10_7_5) AppleWebKit/537.36 (KHTML, like Gecko) Chrome/28.0.1500.95 Safari/537.36): nKnWdwRvD3YgFvEC8vCS4N30L4r.jpg
Aug  7 16:05:35: access: connection for localhost from ::1 (Mozilla/5.0 (Macintosh; Intel Mac OS X 10_7_5) AppleWebKit/537.36 (KHTML, like Gecko) Chrome/28.0.1500.95 Safari/537.36): rmuUNI40NxYRNbFNOKuQBuzvocZ.jpg
Aug  7 16:05:36: access: connection for localhost from ::1 (Mozilla/5.0 (Macintosh; Intel Mac OS X 10_7_5) AppleWebKit/537.36 (KHTML, like Gecko) Chrome/28.0.1500.95 Safari/537.36): 5PDrPdPinLMx4uohDPVat9pt966.jpg
Aug  7 16:05:36: access: connection for localhost from ::1 (Mozilla/5.0 (Macintosh; Intel Mac OS X 10_7_5) AppleWebKit/537.36 (KHTML, like Gecko) Chrome/28.0.1500.95 Safari/537.36): e9NZD5K9ZZjjT6IP89WnypqlDEo.jpg
Aug  7 16:05:36: access: connection for localhost from ::1 (Mozilla/5.0 (Macintosh; Intel Mac OS X 10_7_5) AppleWebKit/537.36 (KHTML, like Gecko) Chrome/28.0.1500.95 Safari/537.36): 4szFBsGWyRUCxvN0kwxX9aBqywg.jpg
Aug  7 16:05:36: access: connection for localhost from ::1 (Mozilla/5.0 (Macintosh; Intel Mac OS X 10_7_5) AppleWebKit/537.36 (KHTML, like Gecko) Chrome/28.0.1500.95 Safari/537.36): pcZ08ts1HaxWpUMMMQL2z3pomf1.jpg
Aug  7 16:05:36: access: connection for localhost from ::1 (Mozilla/5.0 (Macintosh; Intel Mac OS X 10_7_5) AppleWebKit/537.36 (KHTML, like Gecko) Chrome/28.0.1500.95 Safari/537.36): ep5QPZQVmvlX1nsdk7WDXwdQefj.jpg
Aug  7 16:05:36: access: connection for localhost from ::1 (Mozilla/5.0 (Macintosh; Intel Mac OS X 10_7_5) AppleWebKit/537.36 (KHTML, like Gecko) Chrome/28.0.1500.95 Safari/537.36): sU8pm8TsdjVolQhRCRzlkDpaoVC.jpg
Aug  7 16:05:36: access: connection for localhost from ::1 (Mozilla/5.0 (Macintosh; Intel Mac OS X 10_7_5) AppleWebKit/537.36 (KHTML, like Gecko) Chrome/28.0.1500.95 Safari/537.36): 8ZpOZ67iBpyQU6yaV1l5okY5PaZ.jpg
Aug  7 16:05:36: access: connection for localhost from ::1 (Mozilla/5.0 (Macintosh; Intel Mac OS X 10_7_5) AppleWebKit/537.36 (KHTML, like Gecko) Chrome/28.0.1500.95 Safari/537.36): 1qhgje4xURHk0vUP1Pj7A6aRKD8.jpg
Aug  7 16:05:36: access: connection for localhost from ::1 (Mozilla/5.0 (Macintosh; Intel Mac OS X 10_7_5) AppleWebKit/537.36 (KHTML, like Gecko) Chrome/28.0.1500.95 Safari/537.36): 4bEe5VljUBOirzPbKbpvtMPnKnz.jpg
Aug  7 16:05:36: access: connection for localhost from ::1 (Mozilla/5.0 (Macintosh; Intel Mac OS X 10_7_5) AppleWebKit/537.36 (KHTML, like Gecko) Chrome/28.0.1500.95 Safari/537.36): dyBgVacU4fKNXwsKLEWjiUILJQX.jpg
Aug  7 16:05:36: access: connection for localhost from ::1 (Mozilla/5.0 (Macintosh; Intel Mac OS X 10_7_5) AppleWebKit/537.36 (KHTML, like Gecko) Chrome/28.0.1500.95 Safari/537.36): jyptlQQvJAXgTQLaaP86sQSuLRB.jpg
Aug  7 16:05:36: access: connection for localhost from ::1 (Mozilla/5.0 (Macintosh; Intel Mac OS X 10_7_5) AppleWebKit/537.36 (KHTML, like Gecko) Chrome/28.0.1500.95 Safari/537.36): 88X8Fa4QBde0RD9MQNkx2HpGry1.jpg
Aug  7 16:05:36: access: connection for localhost from ::1 (Mozilla/5.0 (Macintosh; Intel Mac OS X 10_7_5) AppleWebKit/537.36 (KHTML, like Gecko) Chrome/28.0.1500.95 Safari/537.36): b85scVCwFJJUdZcf2IQnQ2UV1Xs.jpg
Aug  7 16:05:36: access: connection for localhost from ::1 (Mozilla/5.0 (Macintosh; Intel Mac OS X 10_7_5) AppleWebKit/537.36 (KHTML, like Gecko) Chrome/28.0.1500.95 Safari/537.36): 2X9bH1rIiBrOesfPkyvCUjgmdQt.jpg
Aug  7 16:05:36: access: connection for localhost from ::1 (Mozilla/5.0 (Macintosh; Intel Mac OS X 10_7_5) AppleWebKit/537.36 (KHTML, like Gecko) Chrome/28.0.1500.95 Safari/537.36): v3eq1ydGIfaNFCWyjG0qyjEIF8d.jpg
Aug  7 16:05:36: access: connection for localhost from ::1 (Mozilla/5.0 (Macintosh; Intel Mac OS X 10_7_5) AppleWebKit/537.36 (KHTML, like Gecko) Chrome/28.0.1500.95 Safari/537.36): 2HHoenjkCLd9r6TIo85K9DSyeph.jpg
Aug  7 16:05:36: access: connection for localhost from ::1 (Mozilla/5.0 (Macintosh; Intel Mac OS X 10_7_5) AppleWebKit/537.36 (KHTML, like Gecko) Chrome/28.0.1500.95 Safari/537.36): ufDWQKOkCuYwggBDZFjWQlpxIrM.jpg
Aug  7 16:05:36: access: connection for localhost from ::1 (Mozilla/5.0 (Macintosh; Intel Mac OS X 10_7_5) AppleWebKit/537.36 (KHTML, like Gecko) Chrome/28.0.1500.95 Safari/537.36): khpKXjSwyrYrM7nhPOfl2AW3RP8.jpg
Aug  7 16:05:36: access: connection for localhost from ::1 (Mozilla/5.0 (Macintosh; Intel Mac OS X 10_7_5) AppleWebKit/537.36 (KHTML, like Gecko) Chrome/28.0.1500.95 Safari/537.36): 5zSLRaWW1xboMYbzUScHvzDV9lb.jpg
Aug  7 16:05:36: access: connection for localhost from ::1 (Mozilla/5.0 (Macintosh; Intel Mac OS X 10_7_5) AppleWebKit/537.36 (KHTML, like Gecko) Chrome/28.0.1500.95 Safari/537.36): de2RXPRH0dIUxakKtw2zXv94iXt.jpg
Aug  7 16:05:36: access: connection for localhost from ::1 (Mozilla/5.0 (Macintosh; Intel Mac OS X 10_7_5) AppleWebKit/537.36 (KHTML, like Gecko) Chrome/28.0.1500.95 Safari/537.36): ilmNPqVlqmWvtEA7PhUi8yz7uiV.jpg
Aug  7 16:05:36: access: connection for localhost from ::1 (Mozilla/5.0 (Macintosh; Intel Mac OS X 10_7_5) AppleWebKit/537.36 (KHTML, like Gecko) Chrome/28.0.1500.95 Safari/537.36): n8J2PfCcgErDWSMhjdmJBBmQIDY.jpg
Aug  7 16:05:36: access: connection for localhost from ::1 (Mozilla/5.0 (Macintosh; Intel Mac OS X 10_7_5) AppleWebKit/537.36 (KHTML, like Gecko) Chrome/28.0.1500.95 Safari/537.36): ppxHXiZLOuYLWnmMdO5Vsqq3Q1B.jpg
Aug  7 16:05:36: access: connection for localhost from ::1 (Mozilla/5.0 (Macintosh; Intel Mac OS X 10_7_5) AppleWebKit/537.36 (KHTML, like Gecko) Chrome/28.0.1500.95 Safari/537.36): 6DgQk3HveOImlaTxhrVvnbgA6U4.jpg
Aug  7 16:05:36: access: connection for localhost from ::1 (Mozilla/5.0 (Macintosh; Intel Mac OS X 10_7_5) AppleWebKit/537.36 (KHTML, like Gecko) Chrome/28.0.1500.95 Safari/537.36): rqksE3bd3Eq8NuEsjSK3tOUIQB2.jpg
Aug  7 16:05:36: access: connection for localhost from ::1 (Mozilla/5.0 (Macintosh; Intel Mac OS X 10_7_5) AppleWebKit/537.36 (KHTML, like Gecko) Chrome/28.0.1500.95 Safari/537.36): ksWSG3FhwXyiVi8Ydk3NCXQgbYa.jpg
Aug  7 16:05:36: access: connection for localhost from ::1 (Mozilla/5.0 (Macintosh; Intel Mac OS X 10_7_5) AppleWebKit/537.36 (KHTML, like Gecko) Chrome/28.0.1500.95 Safari/537.36): bVsJsE6fSzauhFZDuhNJ9SHs10f.jpg
Aug  7 16:05:36: access: connection for localhost from ::1 (Mozilla/5.0 (Macintosh; Intel Mac OS X 10_7_5) AppleWebKit/537.36 (KHTML, like Gecko) Chrome/28.0.1500.95 Safari/537.36): hXxvMzWMwZZ6HJI37cdPmj2zBRX.jpg
Aug  7 16:05:36: access: connection for localhost from ::1 (Mozilla/5.0 (Macintosh; Intel Mac OS X 10_7_5) AppleWebKit/537.36 (KHTML, like Gecko) Chrome/28.0.1500.95 Safari/537.36): 4tfC0qqZmWi95RoNITyrSILN6zH.jpg
Aug  7 16:05:36: access: connection for localhost from ::1 (Mozilla/5.0 (Macintosh; Intel Mac OS X 10_7_5) AppleWebKit/537.36 (KHTML, like Gecko) Chrome/28.0.1500.95 Safari/537.36): 7v36RyKgvsrKzeDrYDyPaZwZcPz.jpg
Aug  7 16:05:36: access: connection for localhost from ::1 (Mozilla/5.0 (Macintosh; Intel Mac OS X 10_7_5) AppleWebKit/537.36 (KHTML, like Gecko) Chrome/28.0.1500.95 Safari/537.36): 39UvdRSdETUixSeQ86KI996e7J8.jpg
Aug  7 16:05:36: access: connection for localhost from ::1 (Mozilla/5.0 (Macintosh; Intel Mac OS X 10_7_5) AppleWebKit/537.36 (KHTML, like Gecko) Chrome/28.0.1500.95 Safari/537.36): 7qMsdMX2WrQXJoftnm4qQyyBLMb.jpg
Aug  7 16:05:36: access: connection for localhost from ::1 (Mozilla/5.0 (Macintosh; Intel Mac OS X 10_7_5) AppleWebKit/537.36 (KHTML, like Gecko) Chrome/28.0.1500.95 Safari/537.36): kEyCjtpYEtq3YI7zMqhIMotr8hY.jpg
Aug  7 16:05:36: access: connection for localhost from ::1 (Mozilla/5.0 (Macintosh; Intel Mac OS X 10_7_5) AppleWebKit/537.36 (KHTML, like Gecko) Chrome/28.0.1500.95 Safari/537.36): c30QQDTZNVUbmOqXTcsCxU4cKbR.jpg
Aug  7 16:05:36: access: connection for localhost from ::1 (Mozilla/5.0 (Macintosh; Intel Mac OS X 10_7_5) AppleWebKit/537.36 (KHTML, like Gecko) Chrome/28.0.1500.95 Safari/537.36): 9y8OIwUZpMTTkurHjAEiCblUmsG.jpg
Aug  7 16:05:36: access: connection for localhost from ::1 (Mozilla/5.0 (Macintosh; Intel Mac OS X 10_7_5) AppleWebKit/537.36 (KHTML, like Gecko) Chrome/28.0.1500.95 Safari/537.36): ix2s0Sk17rQxpgZQ48LbqJR6UXC.jpg
Aug  7 16:05:36: access: connection for localhost from ::1 (Mozilla/5.0 (Macintosh; Intel Mac OS X 10_7_5) AppleWebKit/537.36 (KHTML, like Gecko) Chrome/28.0.1500.95 Safari/537.36): t9DYS5j5YCLUWaqi9CtypFWzmqm.jpg
Aug  7 16:05:36: access: connection for localhost from ::1 (Mozilla/5.0 (Macintosh; Intel Mac OS X 10_7_5) AppleWebKit/537.36 (KHTML, like Gecko) Chrome/28.0.1500.95 Safari/537.36): s03MGZIuGTclq4PxQ4zZUmdW51p.jpg
Aug  7 16:05:36: access: connection for localhost from ::1 (Mozilla/5.0 (Macintosh; Intel Mac OS X 10_7_5) AppleWebKit/537.36 (KHTML, like Gecko) Chrome/28.0.1500.95 Safari/537.36): ukUd3HZkesuQWKqWxY6mZhpQCNy.jpg
Aug  7 16:05:36: access: connection for localhost from ::1 (Mozilla/5.0 (Macintosh; Intel Mac OS X 10_7_5) AppleWebKit/537.36 (KHTML, like Gecko) Chrome/28.0.1500.95 Safari/537.36): 6YmfstXPxoynTFIKd4s1bWUFSdi.jpg
Aug  7 16:05:36: access: connection for localhost from ::1 (Mozilla/5.0 (Macintosh; Intel Mac OS X 10_7_5) AppleWebKit/537.36 (KHTML, like Gecko) Chrome/28.0.1500.95 Safari/537.36): tKuaXhTwdZJzHlcQEqc7AUWe2bd.jpg
Aug  7 16:05:36: access: connection for localhost from ::1 (Mozilla/5.0 (Macintosh; Intel Mac OS X 10_7_5) AppleWebKit/537.36 (KHTML, like Gecko) Chrome/28.0.1500.95 Safari/537.36): 7o5dhtNXwzdF9E9YgwNAV0RkOpi.jpg
Aug  7 16:05:36: access: connection for localhost from ::1 (Mozilla/5.0 (Macintosh; Intel Mac OS X 10_7_5) AppleWebKit/537.36 (KHTML, like Gecko) Chrome/28.0.1500.95 Safari/537.36): 8QuN5fGSolQ1fb2IzoOFSenAvTF.jpg
Aug  7 16:05:36: access: connection for localhost from ::1 (Mozilla/5.0 (Macintosh; Intel Mac OS X 10_7_5) AppleWebKit/537.36 (KHTML, like Gecko) Chrome/28.0.1500.95 Safari/537.36): oi5w8cfJMzC1k79gaJw3w9zBssA.jpg
Aug  7 16:05:36: access: connection for localhost from ::1 (Mozilla/5.0 (Macintosh; Intel Mac OS X 10_7_5) AppleWebKit/537.36 (KHTML, like Gecko) Chrome/28.0.1500.95 Safari/537.36): 8G0msrZ9hUOanv0G087DKHHugLM.jpg
Aug  7 16:05:36: access: connection for localhost from ::1 (Mozilla/5.0 (Macintosh; Intel Mac OS X 10_7_5) AppleWebKit/537.36 (KHTML, like Gecko) Chrome/28.0.1500.95 Safari/537.36): g4xWYuVxRnvou3BA1XNy5FOckWN.jpg
Aug  7 16:05:36: access: connection for localhost from ::1 (Mozilla/5.0 (Macintosh; Intel Mac OS X 10_7_5) AppleWebKit/537.36 (KHTML, like Gecko) Chrome/28.0.1500.95 Safari/537.36): zLo1Xw6CmxLidBRXLQWKazSUAzp.jpg
Aug  7 16:05:36: access: connection for localhost from ::1 (Mozilla/5.0 (Macintosh; Intel Mac OS X 10_7_5) AppleWebKit/537.36 (KHTML, like Gecko) Chrome/28.0.1500.95 Safari/537.36): 4lXb7l71eaBll2rFvD1U32NsMD4.jpg
Aug  7 16:05:36: access: connection for localhost from ::1 (Mozilla/5.0 (Macintosh; Intel Mac OS X 10_7_5) AppleWebKit/537.36 (KHTML, like Gecko) Chrome/28.0.1500.95 Safari/537.36): zsXNdIoSRtkylveLmMt3YTuqxu5.jpg
Aug  7 16:05:36: access: connection for localhost from ::1 (Mozilla/5.0 (Macintosh; Intel Mac OS X 10_7_5) AppleWebKit/537.36 (KHTML, like Gecko) Chrome/28.0.1500.95 Safari/537.36): q7XdXcrMU6M0zCbSRwjwwgJAApm.jpg
Aug  7 16:05:36: access: connection for localhost from ::1 (Mozilla/5.0 (Macintosh; Intel Mac OS X 10_7_5) AppleWebKit/537.36 (KHTML, like Gecko) Chrome/28.0.1500.95 Safari/537.36): 1qL3OwJKGQKJ77ydpR9MWd9cqf4.jpg
Aug  7 16:05:36: access: connection for localhost from ::1 (Mozilla/5.0 (Macintosh; Intel Mac OS X 10_7_5) AppleWebKit/537.36 (KHTML, like Gecko) Chrome/28.0.1500.95 Safari/537.36): 4tOHlgWOxFsXPnvvUhssiSOFuuM.jpg
Aug  7 16:05:36: access: connection for localhost from ::1 (Mozilla/5.0 (Macintosh; Intel Mac OS X 10_7_5) AppleWebKit/537.36 (KHTML, like Gecko) Chrome/28.0.1500.95 Safari/537.36): aCuIUG43h5O4LdXnBRHx7ypExo0.jpg
Aug  7 16:05:36: access: connection for localhost from ::1 (Mozilla/5.0 (Macintosh; Intel Mac OS X 10_7_5) AppleWebKit/537.36 (KHTML, like Gecko) Chrome/28.0.1500.95 Safari/537.36): sN3eePlD2mIAY2MzuIvAblThHIM.jpg
Aug  7 16:05:36: access: connection for localhost from ::1 (Mozilla/5.0 (Macintosh; Intel Mac OS X 10_7_5) AppleWebKit/537.36 (KHTML, like Gecko) Chrome/28.0.1500.95 Safari/537.36): favicon.ico
Aug  7 17:44:26: access: connection for localhost from ::1 (Mozilla/5.0 (Macintosh; Intel Mac OS X 10_7_5) AppleWebKit/537.36 (KHTML, like Gecko) Chrome/28.0.1500.95 Safari/537.36): 
Aug  7 17:44:26: access: connection for localhost from ::1 (Mozilla/5.0 (Macintosh; Intel Mac OS X 10_7_5) AppleWebKit/537.36 (KHTML, like Gecko) Chrome/28.0.1500.95 Safari/537.36): cache.manifest
Aug  7 17:44:26: access: connection for localhost from ::1 (Mozilla/5.0 (Macintosh; Intel Mac OS X 10_7_5) AppleWebKit/537.36 (KHTML, like Gecko) Chrome/28.0.1500.95 Safari/537.36): dom_type.css
Aug  7 17:44:26: access: connection for localhost from ::1 (Mozilla/5.0 (Macintosh; Intel Mac OS X 10_7_5) AppleWebKit/537.36 (KHTML, like Gecko) Chrome/28.0.1500.95 Safari/537.36): bootstrap.min.css
Aug  7 17:44:26: access: connection for localhost from ::1 (Mozilla/5.0 (Macintosh; Intel Mac OS X 10_7_5) AppleWebKit/537.36 (KHTML, like Gecko) Chrome/28.0.1500.95 Safari/537.36): w2wt.js
Aug  7 17:44:26: access: connection for localhost from ::1 (Mozilla/5.0 (Macintosh; Intel Mac OS X 10_7_5) AppleWebKit/537.36 (KHTML, like Gecko) Chrome/28.0.1500.95 Safari/537.36): 
Aug  7 17:44:26: access: connection for localhost from ::1 (Mozilla/5.0 (Macintosh; Intel Mac OS X 10_7_5) AppleWebKit/537.36 (KHTML, like Gecko) Chrome/28.0.1500.95 Safari/537.36): favicon.ico
Aug  7 17:44:26: access: connection for localhost from ::1 (Mozilla/5.0 (Macintosh; Intel Mac OS X 10_7_5) AppleWebKit/537.36 (KHTML, like Gecko) Chrome/28.0.1500.95 Safari/537.36): favicon.ico
Aug  7 17:44:41: access: connection for localhost from ::1 (Mozilla/5.0 (Macintosh; Intel Mac OS X 10_7_5) AppleWebKit/537.36 (KHTML, like Gecko) Chrome/28.0.1500.95 Safari/537.36): 
Aug  7 17:44:41: access: connection for localhost from ::1 (Mozilla/5.0 (Macintosh; Intel Mac OS X 10_7_5) AppleWebKit/537.36 (KHTML, like Gecko) Chrome/28.0.1500.95 Safari/537.36): cache.manifest
Aug  7 17:44:41: access: connection for localhost from ::1 (Mozilla/5.0 (Macintosh; Intel Mac OS X 10_7_5) AppleWebKit/537.36 (KHTML, like Gecko) Chrome/28.0.1500.95 Safari/537.36): bootstrap.min.css
Aug  7 17:44:41: access: connection for localhost from ::1 (Mozilla/5.0 (Macintosh; Intel Mac OS X 10_7_5) AppleWebKit/537.36 (KHTML, like Gecko) Chrome/28.0.1500.95 Safari/537.36): w2wt.js
Aug  7 17:44:41: access: connection for localhost from ::1 (Mozilla/5.0 (Macintosh; Intel Mac OS X 10_7_5) AppleWebKit/537.36 (KHTML, like Gecko) Chrome/28.0.1500.95 Safari/537.36): dom_type.css
Aug  7 17:44:41: access: connection for localhost from ::1 (Mozilla/5.0 (Macintosh; Intel Mac OS X 10_7_5) AppleWebKit/537.36 (KHTML, like Gecko) Chrome/28.0.1500.95 Safari/537.36): 
Aug  7 17:44:41: access: connection for localhost from ::1 (Mozilla/5.0 (Macintosh; Intel Mac OS X 10_7_5) AppleWebKit/537.36 (KHTML, like Gecko) Chrome/28.0.1500.95 Safari/537.36): favicon.ico
Aug  7 17:44:41: access: connection for localhost from ::1 (Mozilla/5.0 (Macintosh; Intel Mac OS X 10_7_5) AppleWebKit/537.36 (KHTML, like Gecko) Chrome/28.0.1500.95 Safari/537.36): favicon.ico
Aug  7 17:45:37: access: connection for localhost from ::1 (Mozilla/5.0 (Macintosh; Intel Mac OS X 10_7_5) AppleWebKit/537.36 (KHTML, like Gecko) Chrome/28.0.1500.95 Safari/537.36): 
Aug  7 17:45:37: access: connection for localhost from ::1 (Mozilla/5.0 (Macintosh; Intel Mac OS X 10_7_5) AppleWebKit/537.36 (KHTML, like Gecko) Chrome/28.0.1500.95 Safari/537.36): cache.manifest
Aug  7 17:45:38: access: connection for localhost from ::1 (Mozilla/5.0 (Macintosh; Intel Mac OS X 10_7_5) AppleWebKit/537.36 (KHTML, like Gecko) Chrome/28.0.1500.95 Safari/537.36): bootstrap.min.css
Aug  7 17:45:38: access: connection for localhost from ::1 (Mozilla/5.0 (Macintosh; Intel Mac OS X 10_7_5) AppleWebKit/537.36 (KHTML, like Gecko) Chrome/28.0.1500.95 Safari/537.36): dom_type.css
Aug  7 17:45:38: access: connection for localhost from ::1 (Mozilla/5.0 (Macintosh; Intel Mac OS X 10_7_5) AppleWebKit/537.36 (KHTML, like Gecko) Chrome/28.0.1500.95 Safari/537.36): w2wt.js
Aug  7 17:45:38: access: connection for localhost from ::1 (Mozilla/5.0 (Macintosh; Intel Mac OS X 10_7_5) AppleWebKit/537.36 (KHTML, like Gecko) Chrome/28.0.1500.95 Safari/537.36): 
Aug  7 17:45:38: access: connection for localhost from ::1 (Mozilla/5.0 (Macintosh; Intel Mac OS X 10_7_5) AppleWebKit/537.36 (KHTML, like Gecko) Chrome/28.0.1500.95 Safari/537.36): favicon.ico
Aug  7 17:45:38: access: connection for localhost from ::1 (Mozilla/5.0 (Macintosh; Intel Mac OS X 10_7_5) AppleWebKit/537.36 (KHTML, like Gecko) Chrome/28.0.1500.95 Safari/537.36): favicon.ico
Aug  7 17:45:54: access: connection for localhost from ::1 (Mozilla/5.0 (Macintosh; Intel Mac OS X 10_7_5) AppleWebKit/537.36 (KHTML, like Gecko) Chrome/28.0.1500.95 Safari/537.36): 
Aug  7 17:45:55: access: connection for localhost from ::1 (Mozilla/5.0 (Macintosh; Intel Mac OS X 10_7_5) AppleWebKit/537.36 (KHTML, like Gecko) Chrome/28.0.1500.95 Safari/537.36): w2wt.js
Aug  7 17:45:55: access: connection for localhost from ::1 (Mozilla/5.0 (Macintosh; Intel Mac OS X 10_7_5) AppleWebKit/537.36 (KHTML, like Gecko) Chrome/28.0.1500.95 Safari/537.36): 
Aug  7 17:45:55: access: connection for localhost from ::1 (Mozilla/5.0 (Macintosh; Intel Mac OS X 10_7_5) AppleWebKit/537.36 (KHTML, like Gecko) Chrome/28.0.1500.95 Safari/537.36): favicon.ico
Aug  7 17:45:55: access: connection for localhost from ::1 (Mozilla/5.0 (Macintosh; Intel Mac OS X 10_7_5) AppleWebKit/537.36 (KHTML, like Gecko) Chrome/28.0.1500.95 Safari/537.36): favicon.ico
Aug  7 17:48:46: access: connection for localhost from ::1 (Mozilla/5.0 (Macintosh; Intel Mac OS X 10_7_5) AppleWebKit/537.36 (KHTML, like Gecko) Chrome/28.0.1500.95 Safari/537.36): 
Aug  7 17:48:47: access: connection for localhost from ::1 (Mozilla/5.0 (Macintosh; Intel Mac OS X 10_7_5) AppleWebKit/537.36 (KHTML, like Gecko) Chrome/28.0.1500.95 Safari/537.36): w2wt.js
Aug  7 17:48:47: access: connection for localhost from ::1 (Mozilla/5.0 (Macintosh; Intel Mac OS X 10_7_5) AppleWebKit/537.36 (KHTML, like Gecko) Chrome/28.0.1500.95 Safari/537.36): 
Aug  7 17:48:47: access: connection for localhost from ::1 (Mozilla/5.0 (Macintosh; Intel Mac OS X 10_7_5) AppleWebKit/537.36 (KHTML, like Gecko) Chrome/28.0.1500.95 Safari/537.36): favicon.ico
Aug  7 17:48:47: access: connection for localhost from ::1 (Mozilla/5.0 (Macintosh; Intel Mac OS X 10_7_5) AppleWebKit/537.36 (KHTML, like Gecko) Chrome/28.0.1500.95 Safari/537.36): favicon.ico
Aug  7 17:51:37: access: connection for localhost from ::1 (Mozilla/5.0 (Macintosh; Intel Mac OS X 10_7_5) AppleWebKit/537.36 (KHTML, like Gecko) Chrome/28.0.1500.95 Safari/537.36): 
Aug  7 17:51:38: access: connection for localhost from ::1 (Mozilla/5.0 (Macintosh; Intel Mac OS X 10_7_5) AppleWebKit/537.36 (KHTML, like Gecko) Chrome/28.0.1500.95 Safari/537.36): w2wt.js
Aug  7 17:51:38: access: connection for localhost from ::1 (Mozilla/5.0 (Macintosh; Intel Mac OS X 10_7_5) AppleWebKit/537.36 (KHTML, like Gecko) Chrome/28.0.1500.95 Safari/537.36): 
Aug  7 17:51:38: access: connection for localhost from ::1 (Mozilla/5.0 (Macintosh; Intel Mac OS X 10_7_5) AppleWebKit/537.36 (KHTML, like Gecko) Chrome/28.0.1500.95 Safari/537.36): favicon.ico
Aug  7 17:51:38: access: connection for localhost from ::1 (Mozilla/5.0 (Macintosh; Intel Mac OS X 10_7_5) AppleWebKit/537.36 (KHTML, like Gecko) Chrome/28.0.1500.95 Safari/537.36): favicon.ico
Aug  7 17:55:45: access: connection for localhost from ::1 (Mozilla/5.0 (Macintosh; Intel Mac OS X 10_7_5) AppleWebKit/537.36 (KHTML, like Gecko) Chrome/28.0.1500.95 Safari/537.36): 
Aug  7 17:55:45: access: connection for localhost from ::1 (Mozilla/5.0 (Macintosh; Intel Mac OS X 10_7_5) AppleWebKit/537.36 (KHTML, like Gecko) Chrome/28.0.1500.95 Safari/537.36): w2wt.js
Aug  7 17:55:45: access: connection for localhost from ::1 (Mozilla/5.0 (Macintosh; Intel Mac OS X 10_7_5) AppleWebKit/537.36 (KHTML, like Gecko) Chrome/28.0.1500.95 Safari/537.36): 
Aug  7 17:55:46: access: connection for localhost from ::1 (Mozilla/5.0 (Macintosh; Intel Mac OS X 10_7_5) AppleWebKit/537.36 (KHTML, like Gecko) Chrome/28.0.1500.95 Safari/537.36): favicon.ico
Aug  7 17:55:46: access: connection for localhost from ::1 (Mozilla/5.0 (Macintosh; Intel Mac OS X 10_7_5) AppleWebKit/537.36 (KHTML, like Gecko) Chrome/28.0.1500.95 Safari/537.36): favicon.ico
Aug  7 17:55:46: access: connection for localhost from ::1 (Mozilla/5.0 (Macintosh; Intel Mac OS X 10_7_5) AppleWebKit/537.36 (KHTML, like Gecko) Chrome/28.0.1500.95 Safari/537.36): 
Aug  7 18:11:43: access: connection for localhost from ::1 (Mozilla/5.0 (Macintosh; Intel Mac OS X 10_7_5) AppleWebKit/537.36 (KHTML, like Gecko) Chrome/28.0.1500.95 Safari/537.36): 
Aug  7 18:11:43: access: connection for localhost from ::1 (Mozilla/5.0 (Macintosh; Intel Mac OS X 10_7_5) AppleWebKit/537.36 (KHTML, like Gecko) Chrome/28.0.1500.95 Safari/537.36): w2wt.js
Aug  7 18:11:43: access: connection for localhost from ::1 (Mozilla/5.0 (Macintosh; Intel Mac OS X 10_7_5) AppleWebKit/537.36 (KHTML, like Gecko) Chrome/28.0.1500.95 Safari/537.36): 
Aug  7 18:11:44: access: connection for localhost from ::1 (Mozilla/5.0 (Macintosh; Intel Mac OS X 10_7_5) AppleWebKit/537.36 (KHTML, like Gecko) Chrome/28.0.1500.95 Safari/537.36): favicon.ico
Aug  7 18:11:44: access: connection for localhost from ::1 (Mozilla/5.0 (Macintosh; Intel Mac OS X 10_7_5) AppleWebKit/537.36 (KHTML, like Gecko) Chrome/28.0.1500.95 Safari/537.36): favicon.ico
Aug  7 18:11:44: access: connection for localhost from ::1 (Mozilla/5.0 (Macintosh; Intel Mac OS X 10_7_5) AppleWebKit/537.36 (KHTML, like Gecko) Chrome/28.0.1500.95 Safari/537.36): 
Aug  7 18:14:11: access: connection for localhost from ::1 (Mozilla/5.0 (Macintosh; Intel Mac OS X 10_7_5) AppleWebKit/537.36 (KHTML, like Gecko) Chrome/28.0.1500.95 Safari/537.36): 
Aug  7 18:14:11: access: connection for localhost from ::1 (Mozilla/5.0 (Macintosh; Intel Mac OS X 10_7_5) AppleWebKit/537.36 (KHTML, like Gecko) Chrome/28.0.1500.95 Safari/537.36): w2wt.js
Aug  7 18:14:11: access: connection for localhost from ::1 (Mozilla/5.0 (Macintosh; Intel Mac OS X 10_7_5) AppleWebKit/537.36 (KHTML, like Gecko) Chrome/28.0.1500.95 Safari/537.36): 
Aug  7 18:14:13: access: connection for localhost from ::1 (Mozilla/5.0 (Macintosh; Intel Mac OS X 10_7_5) AppleWebKit/537.36 (KHTML, like Gecko) Chrome/28.0.1500.95 Safari/537.36): favicon.ico
Aug  7 18:14:13: access: connection for localhost from ::1 (Mozilla/5.0 (Macintosh; Intel Mac OS X 10_7_5) AppleWebKit/537.36 (KHTML, like Gecko) Chrome/28.0.1500.95 Safari/537.36): favicon.ico
Aug  7 18:14:13: access: connection for localhost from ::1 (Mozilla/5.0 (Macintosh; Intel Mac OS X 10_7_5) AppleWebKit/537.36 (KHTML, like Gecko) Chrome/28.0.1500.95 Safari/537.36): 
Aug  7 18:21:56: access: connection for localhost from ::1 (Mozilla/5.0 (Macintosh; Intel Mac OS X 10_7_5) AppleWebKit/537.36 (KHTML, like Gecko) Chrome/28.0.1500.95 Safari/537.36): 
Aug  7 18:21:56: access: connection for localhost from ::1 (Mozilla/5.0 (Macintosh; Intel Mac OS X 10_7_5) AppleWebKit/537.36 (KHTML, like Gecko) Chrome/28.0.1500.95 Safari/537.36): w2wt.js
Aug  7 18:21:56: access: connection for localhost from ::1 (Mozilla/5.0 (Macintosh; Intel Mac OS X 10_7_5) AppleWebKit/537.36 (KHTML, like Gecko) Chrome/28.0.1500.95 Safari/537.36): 
Aug  7 18:21:57: access: connection for localhost from ::1 (Mozilla/5.0 (Macintosh; Intel Mac OS X 10_7_5) AppleWebKit/537.36 (KHTML, like Gecko) Chrome/28.0.1500.95 Safari/537.36): favicon.ico
Aug  7 18:21:57: access: connection for localhost from ::1 (Mozilla/5.0 (Macintosh; Intel Mac OS X 10_7_5) AppleWebKit/537.36 (KHTML, like Gecko) Chrome/28.0.1500.95 Safari/537.36): favicon.ico
Aug  7 18:21:57: access: connection for localhost from ::1 (Mozilla/5.0 (Macintosh; Intel Mac OS X 10_7_5) AppleWebKit/537.36 (KHTML, like Gecko) Chrome/28.0.1500.95 Safari/537.36): favicon.ico
Aug  7 18:21:57: access: connection for localhost from ::1 (Mozilla/5.0 (Macintosh; Intel Mac OS X 10_7_5) AppleWebKit/537.36 (KHTML, like Gecko) Chrome/28.0.1500.95 Safari/537.36): 
Aug  7 18:22:06: access: connection for localhost from ::1 (Mozilla/5.0 (Macintosh; Intel Mac OS X 10_7_5) AppleWebKit/537.36 (KHTML, like Gecko) Chrome/28.0.1500.95 Safari/537.36): 
Aug  7 18:22:06: access: connection for localhost from ::1 (Mozilla/5.0 (Macintosh; Intel Mac OS X 10_7_5) AppleWebKit/537.36 (KHTML, like Gecko) Chrome/28.0.1500.95 Safari/537.36): w2wt.js
Aug  7 18:22:06: access: connection for localhost from ::1 (Mozilla/5.0 (Macintosh; Intel Mac OS X 10_7_5) AppleWebKit/537.36 (KHTML, like Gecko) Chrome/28.0.1500.95 Safari/537.36): 
Aug  7 18:22:07: access: connection for localhost from ::1 (Mozilla/5.0 (Macintosh; Intel Mac OS X 10_7_5) AppleWebKit/537.36 (KHTML, like Gecko) Chrome/28.0.1500.95 Safari/537.36): favicon.ico
Aug  7 18:22:07: access: connection for localhost from ::1 (Mozilla/5.0 (Macintosh; Intel Mac OS X 10_7_5) AppleWebKit/537.36 (KHTML, like Gecko) Chrome/28.0.1500.95 Safari/537.36): 
Aug  7 18:22:07: access: connection for localhost from ::1 (Mozilla/5.0 (Macintosh; Intel Mac OS X 10_7_5) AppleWebKit/537.36 (KHTML, like Gecko) Chrome/28.0.1500.95 Safari/537.36): favicon.ico
Aug  7 18:22:07: access: connection for localhost from ::1 (Mozilla/5.0 (Macintosh; Intel Mac OS X 10_7_5) AppleWebKit/537.36 (KHTML, like Gecko) Chrome/28.0.1500.95 Safari/537.36): 
Aug  7 18:22:07: access: connection for localhost from ::1 (Mozilla/5.0 (Macintosh; Intel Mac OS X 10_7_5) AppleWebKit/537.36 (KHTML, like Gecko) Chrome/28.0.1500.95 Safari/537.36): w2wt.js
Aug  7 18:22:07: access: connection for localhost from ::1 (Mozilla/5.0 (Macintosh; Intel Mac OS X 10_7_5) AppleWebKit/537.36 (KHTML, like Gecko) Chrome/28.0.1500.95 Safari/537.36): 
Aug  7 18:22:07: access: connection for localhost from ::1 (Mozilla/5.0 (Macintosh; Intel Mac OS X 10_7_5) AppleWebKit/537.36 (KHTML, like Gecko) Chrome/28.0.1500.95 Safari/537.36): favicon.ico
Aug  7 18:22:07: access: connection for localhost from ::1 (Mozilla/5.0 (Macintosh; Intel Mac OS X 10_7_5) AppleWebKit/537.36 (KHTML, like Gecko) Chrome/28.0.1500.95 Safari/537.36): 
Aug  7 18:22:08: access: connection for localhost from ::1 (Mozilla/5.0 (Macintosh; Intel Mac OS X 10_7_5) AppleWebKit/537.36 (KHTML, like Gecko) Chrome/28.0.1500.95 Safari/537.36): favicon.ico
Aug  7 18:22:08: access: connection for localhost from ::1 (Mozilla/5.0 (Macintosh; Intel Mac OS X 10_7_5) AppleWebKit/537.36 (KHTML, like Gecko) Chrome/28.0.1500.95 Safari/537.36): 
Aug  7 18:22:08: access: connection for localhost from ::1 (Mozilla/5.0 (Macintosh; Intel Mac OS X 10_7_5) AppleWebKit/537.36 (KHTML, like Gecko) Chrome/28.0.1500.95 Safari/537.36): w2wt.js
Aug  7 18:22:08: access: connection for localhost from ::1 (Mozilla/5.0 (Macintosh; Intel Mac OS X 10_7_5) AppleWebKit/537.36 (KHTML, like Gecko) Chrome/28.0.1500.95 Safari/537.36): 
Aug  7 18:22:08: access: connection for localhost from ::1 (Mozilla/5.0 (Macintosh; Intel Mac OS X 10_7_5) AppleWebKit/537.36 (KHTML, like Gecko) Chrome/28.0.1500.95 Safari/537.36): favicon.ico
Aug  7 18:22:08: access: connection for localhost from ::1 (Mozilla/5.0 (Macintosh; Intel Mac OS X 10_7_5) AppleWebKit/537.36 (KHTML, like Gecko) Chrome/28.0.1500.95 Safari/537.36): 
Aug  7 18:22:09: access: connection for localhost from ::1 (Mozilla/5.0 (Macintosh; Intel Mac OS X 10_7_5) AppleWebKit/537.36 (KHTML, like Gecko) Chrome/28.0.1500.95 Safari/537.36): 
Aug  7 18:22:09: access: connection for localhost from ::1 (Mozilla/5.0 (Macintosh; Intel Mac OS X 10_7_5) AppleWebKit/537.36 (KHTML, like Gecko) Chrome/28.0.1500.95 Safari/537.36): favicon.ico
Aug  7 18:22:09: access: connection for localhost from ::1 (Mozilla/5.0 (Macintosh; Intel Mac OS X 10_7_5) AppleWebKit/537.36 (KHTML, like Gecko) Chrome/28.0.1500.95 Safari/537.36): w2wt.js
Aug  7 18:22:09: access: connection for localhost from ::1 (Mozilla/5.0 (Macintosh; Intel Mac OS X 10_7_5) AppleWebKit/537.36 (KHTML, like Gecko) Chrome/28.0.1500.95 Safari/537.36): 
Aug  7 18:22:09: access: connection for localhost from ::1 (Mozilla/5.0 (Macintosh; Intel Mac OS X 10_7_5) AppleWebKit/537.36 (KHTML, like Gecko) Chrome/28.0.1500.95 Safari/537.36): favicon.ico
Aug  7 18:22:09: access: connection for localhost from ::1 (Mozilla/5.0 (Macintosh; Intel Mac OS X 10_7_5) AppleWebKit/537.36 (KHTML, like Gecko) Chrome/28.0.1500.95 Safari/537.36): 
Aug  7 18:22:09: access: connection for localhost from ::1 (Mozilla/5.0 (Macintosh; Intel Mac OS X 10_7_5) AppleWebKit/537.36 (KHTML, like Gecko) Chrome/28.0.1500.95 Safari/537.36): favicon.ico
Aug  7 18:22:09: access: connection for localhost from ::1 (Mozilla/5.0 (Macintosh; Intel Mac OS X 10_7_5) AppleWebKit/537.36 (KHTML, like Gecko) Chrome/28.0.1500.95 Safari/537.36): 
Aug  7 18:22:09: access: connection for localhost from ::1 (Mozilla/5.0 (Macintosh; Intel Mac OS X 10_7_5) AppleWebKit/537.36 (KHTML, like Gecko) Chrome/28.0.1500.95 Safari/537.36): w2wt.js
Aug  7 18:22:09: access: connection for localhost from ::1 (Mozilla/5.0 (Macintosh; Intel Mac OS X 10_7_5) AppleWebKit/537.36 (KHTML, like Gecko) Chrome/28.0.1500.95 Safari/537.36): 
Aug  7 18:22:09: access: connection for localhost from ::1 (Mozilla/5.0 (Macintosh; Intel Mac OS X 10_7_5) AppleWebKit/537.36 (KHTML, like Gecko) Chrome/28.0.1500.95 Safari/537.36): favicon.ico
Aug  7 18:22:09: access: connection for localhost from ::1 (Mozilla/5.0 (Macintosh; Intel Mac OS X 10_7_5) AppleWebKit/537.36 (KHTML, like Gecko) Chrome/28.0.1500.95 Safari/537.36): 
Aug  7 18:22:09: access: connection for localhost from ::1 (Mozilla/5.0 (Macintosh; Intel Mac OS X 10_7_5) AppleWebKit/537.36 (KHTML, like Gecko) Chrome/28.0.1500.95 Safari/537.36): favicon.ico
Aug  7 18:22:10: access: connection for localhost from ::1 (Mozilla/5.0 (Macintosh; Intel Mac OS X 10_7_5) AppleWebKit/537.36 (KHTML, like Gecko) Chrome/28.0.1500.95 Safari/537.36): 
Aug  7 18:22:10: access: connection for localhost from ::1 (Mozilla/5.0 (Macintosh; Intel Mac OS X 10_7_5) AppleWebKit/537.36 (KHTML, like Gecko) Chrome/28.0.1500.95 Safari/537.36): w2wt.js
Aug  7 18:22:10: access: connection for localhost from ::1 (Mozilla/5.0 (Macintosh; Intel Mac OS X 10_7_5) AppleWebKit/537.36 (KHTML, like Gecko) Chrome/28.0.1500.95 Safari/537.36): 
Aug  7 18:22:10: access: connection for localhost from ::1 (Mozilla/5.0 (Macintosh; Intel Mac OS X 10_7_5) AppleWebKit/537.36 (KHTML, like Gecko) Chrome/28.0.1500.95 Safari/537.36): 
Aug  7 18:22:10: access: connection for localhost from ::1 (Mozilla/5.0 (Macintosh; Intel Mac OS X 10_7_5) AppleWebKit/537.36 (KHTML, like Gecko) Chrome/28.0.1500.95 Safari/537.36): favicon.ico
Aug  7 18:22:10: access: connection for localhost from ::1 (Mozilla/5.0 (Macintosh; Intel Mac OS X 10_7_5) AppleWebKit/537.36 (KHTML, like Gecko) Chrome/28.0.1500.95 Safari/537.36): favicon.ico
Aug  7 18:22:10: access: connection for localhost from ::1 (Mozilla/5.0 (Macintosh; Intel Mac OS X 10_7_5) AppleWebKit/537.36 (KHTML, like Gecko) Chrome/28.0.1500.95 Safari/537.36): 
Aug  7 18:22:10: access: connection for localhost from ::1 (Mozilla/5.0 (Macintosh; Intel Mac OS X 10_7_5) AppleWebKit/537.36 (KHTML, like Gecko) Chrome/28.0.1500.95 Safari/537.36): w2wt.js
Aug  7 18:22:10: access: connection for localhost from ::1 (Mozilla/5.0 (Macintosh; Intel Mac OS X 10_7_5) AppleWebKit/537.36 (KHTML, like Gecko) Chrome/28.0.1500.95 Safari/537.36): 
Aug  7 18:22:10: access: connection for localhost from ::1 (Mozilla/5.0 (Macintosh; Intel Mac OS X 10_7_5) AppleWebKit/537.36 (KHTML, like Gecko) Chrome/28.0.1500.95 Safari/537.36): 
Aug  7 18:22:10: access: connection for localhost from ::1 (Mozilla/5.0 (Macintosh; Intel Mac OS X 10_7_5) AppleWebKit/537.36 (KHTML, like Gecko) Chrome/28.0.1500.95 Safari/537.36): favicon.ico
Aug  7 18:22:10: access: connection for localhost from ::1 (Mozilla/5.0 (Macintosh; Intel Mac OS X 10_7_5) AppleWebKit/537.36 (KHTML, like Gecko) Chrome/28.0.1500.95 Safari/537.36): 
Aug  7 18:22:10: access: connection for localhost from ::1 (Mozilla/5.0 (Macintosh; Intel Mac OS X 10_7_5) AppleWebKit/537.36 (KHTML, like Gecko) Chrome/28.0.1500.95 Safari/537.36): w2wt.js
Aug  7 18:22:10: access: connection for localhost from ::1 (Mozilla/5.0 (Macintosh; Intel Mac OS X 10_7_5) AppleWebKit/537.36 (KHTML, like Gecko) Chrome/28.0.1500.95 Safari/537.36): favicon.ico
Aug  7 18:22:10: access: connection for localhost from ::1 (Mozilla/5.0 (Macintosh; Intel Mac OS X 10_7_5) AppleWebKit/537.36 (KHTML, like Gecko) Chrome/28.0.1500.95 Safari/537.36): 
Aug  7 18:22:10: access: connection for localhost from ::1 (Mozilla/5.0 (Macintosh; Intel Mac OS X 10_7_5) AppleWebKit/537.36 (KHTML, like Gecko) Chrome/28.0.1500.95 Safari/537.36): 
Aug  7 18:22:10: access: connection for localhost from ::1 (Mozilla/5.0 (Macintosh; Intel Mac OS X 10_7_5) AppleWebKit/537.36 (KHTML, like Gecko) Chrome/28.0.1500.95 Safari/537.36): w2wt.js
Aug  7 18:22:10: access: connection for localhost from ::1 (Mozilla/5.0 (Macintosh; Intel Mac OS X 10_7_5) AppleWebKit/537.36 (KHTML, like Gecko) Chrome/28.0.1500.95 Safari/537.36): 
Aug  7 18:22:11: access: connection for localhost from ::1 (Mozilla/5.0 (Macintosh; Intel Mac OS X 10_7_5) AppleWebKit/537.36 (KHTML, like Gecko) Chrome/28.0.1500.95 Safari/537.36): 
Aug  7 18:22:11: access: connection for localhost from ::1 (Mozilla/5.0 (Macintosh; Intel Mac OS X 10_7_5) AppleWebKit/537.36 (KHTML, like Gecko) Chrome/28.0.1500.95 Safari/537.36): 
Aug  7 18:22:11: access: connection for localhost from ::1 (Mozilla/5.0 (Macintosh; Intel Mac OS X 10_7_5) AppleWebKit/537.36 (KHTML, like Gecko) Chrome/28.0.1500.95 Safari/537.36): w2wt.js
Aug  7 18:22:11: access: connection for localhost from ::1 (Mozilla/5.0 (Macintosh; Intel Mac OS X 10_7_5) AppleWebKit/537.36 (KHTML, like Gecko) Chrome/28.0.1500.95 Safari/537.36): 
Aug  7 18:22:11: access: connection for localhost from ::1 (Mozilla/5.0 (Macintosh; Intel Mac OS X 10_7_5) AppleWebKit/537.36 (KHTML, like Gecko) Chrome/28.0.1500.95 Safari/537.36): 
Aug  7 18:31:11: access: connection for localhost from ::1 (Mozilla/5.0 (Macintosh; Intel Mac OS X 10_7_5) AppleWebKit/537.36 (KHTML, like Gecko) Chrome/28.0.1500.95 Safari/537.36): 
Aug  7 18:31:11: access: connection for localhost from ::1 (Mozilla/5.0 (Macintosh; Intel Mac OS X 10_7_5) AppleWebKit/537.36 (KHTML, like Gecko) Chrome/28.0.1500.95 Safari/537.36): w2wt.js
Aug  7 18:31:12: access: connection for localhost from ::1 (Mozilla/5.0 (Macintosh; Intel Mac OS X 10_7_5) AppleWebKit/537.36 (KHTML, like Gecko) Chrome/28.0.1500.95 Safari/537.36): 
Aug  7 18:31:12: access: connection for localhost from ::1 (Mozilla/5.0 (Macintosh; Intel Mac OS X 10_7_5) AppleWebKit/537.36 (KHTML, like Gecko) Chrome/28.0.1500.95 Safari/537.36): 
Aug  7 18:32:40: access: connection for localhost from ::1 (Mozilla/5.0 (Macintosh; Intel Mac OS X 10_7_5) AppleWebKit/537.36 (KHTML, like Gecko) Chrome/28.0.1500.95 Safari/537.36): 
Aug  7 18:32:41: access: connection for localhost from ::1 (Mozilla/5.0 (Macintosh; Intel Mac OS X 10_7_5) AppleWebKit/537.36 (KHTML, like Gecko) Chrome/28.0.1500.95 Safari/537.36): w2wt.js
Aug  7 18:32:41: access: connection for localhost from ::1 (Mozilla/5.0 (Macintosh; Intel Mac OS X 10_7_5) AppleWebKit/537.36 (KHTML, like Gecko) Chrome/28.0.1500.95 Safari/537.36): 
Aug  7 18:32:41: access: connection for localhost from ::1 (Mozilla/5.0 (Macintosh; Intel Mac OS X 10_7_5) AppleWebKit/537.36 (KHTML, like Gecko) Chrome/28.0.1500.95 Safari/537.36): 
Aug  7 18:32:55: access: connection for localhost from ::1 (Mozilla/5.0 (Macintosh; Intel Mac OS X 10_7_5) AppleWebKit/537.36 (KHTML, like Gecko) Chrome/28.0.1500.95 Safari/537.36): 
Aug  7 18:32:56: access: connection for localhost from ::1 (Mozilla/5.0 (Macintosh; Intel Mac OS X 10_7_5) AppleWebKit/537.36 (KHTML, like Gecko) Chrome/28.0.1500.95 Safari/537.36): w2wt.js
Aug  7 18:32:56: access: connection for localhost from ::1 (Mozilla/5.0 (Macintosh; Intel Mac OS X 10_7_5) AppleWebKit/537.36 (KHTML, like Gecko) Chrome/28.0.1500.95 Safari/537.36): 
Aug  7 18:32:56: access: connection for localhost from ::1 (Mozilla/5.0 (Macintosh; Intel Mac OS X 10_7_5) AppleWebKit/537.36 (KHTML, like Gecko) Chrome/28.0.1500.95 Safari/537.36): 
Aug  7 18:33:20: access: connection for localhost from ::1 (Mozilla/5.0 (Macintosh; Intel Mac OS X 10_7_5) AppleWebKit/537.36 (KHTML, like Gecko) Chrome/28.0.1500.95 Safari/537.36): 
Aug  7 18:33:20: access: connection for localhost from ::1 (Mozilla/5.0 (Macintosh; Intel Mac OS X 10_7_5) AppleWebKit/537.36 (KHTML, like Gecko) Chrome/28.0.1500.95 Safari/537.36): w2wt.js
Aug  7 18:33:21: access: connection for localhost from ::1 (Mozilla/5.0 (Macintosh; Intel Mac OS X 10_7_5) AppleWebKit/537.36 (KHTML, like Gecko) Chrome/28.0.1500.95 Safari/537.36): 
Aug  7 18:33:21: access: connection for localhost from ::1 (Mozilla/5.0 (Macintosh; Intel Mac OS X 10_7_5) AppleWebKit/537.36 (KHTML, like Gecko) Chrome/28.0.1500.95 Safari/537.36): 
Aug  7 18:33:27: access: connection for localhost from ::1 (Mozilla/5.0 (Macintosh; Intel Mac OS X 10_7_5) AppleWebKit/537.36 (KHTML, like Gecko) Chrome/28.0.1500.95 Safari/537.36): 
Aug  7 18:33:27: access: connection for localhost from ::1 (Mozilla/5.0 (Macintosh; Intel Mac OS X 10_7_5) AppleWebKit/537.36 (KHTML, like Gecko) Chrome/28.0.1500.95 Safari/537.36): w2wt.js
Aug  7 18:33:27: access: connection for localhost from ::1 (Mozilla/5.0 (Macintosh; Intel Mac OS X 10_7_5) AppleWebKit/537.36 (KHTML, like Gecko) Chrome/28.0.1500.95 Safari/537.36): 
Aug  7 18:33:27: access: connection for localhost from ::1 (Mozilla/5.0 (Macintosh; Intel Mac OS X 10_7_5) AppleWebKit/537.36 (KHTML, like Gecko) Chrome/28.0.1500.95 Safari/537.36): 
Aug  7 18:34:08: access: connection for localhost from ::1 (Mozilla/5.0 (Macintosh; Intel Mac OS X 10_7_5) AppleWebKit/537.36 (KHTML, like Gecko) Chrome/28.0.1500.95 Safari/537.36): 
Aug  7 18:34:08: access: connection for localhost from ::1 (Mozilla/5.0 (Macintosh; Intel Mac OS X 10_7_5) AppleWebKit/537.36 (KHTML, like Gecko) Chrome/28.0.1500.95 Safari/537.36): 
Aug  7 18:34:08: access: connection for localhost from ::1 (Mozilla/5.0 (Macintosh; Intel Mac OS X 10_7_5) AppleWebKit/537.36 (KHTML, like Gecko) Chrome/28.0.1500.95 Safari/537.36): 
Aug  7 18:34:32: access: connection for localhost from ::1 (Mozilla/5.0 (Macintosh; Intel Mac OS X 10_7_5) AppleWebKit/537.36 (KHTML, like Gecko) Chrome/28.0.1500.95 Safari/537.36): 
Aug  7 18:34:32: access: connection for localhost from ::1 (Mozilla/5.0 (Macintosh; Intel Mac OS X 10_7_5) AppleWebKit/537.36 (KHTML, like Gecko) Chrome/28.0.1500.95 Safari/537.36): w2wt.js
Aug  7 18:34:32: access: connection for localhost from ::1 (Mozilla/5.0 (Macintosh; Intel Mac OS X 10_7_5) AppleWebKit/537.36 (KHTML, like Gecko) Chrome/28.0.1500.95 Safari/537.36): 
Aug  7 18:34:33: access: connection for localhost from ::1 (Mozilla/5.0 (Macintosh; Intel Mac OS X 10_7_5) AppleWebKit/537.36 (KHTML, like Gecko) Chrome/28.0.1500.95 Safari/537.36): 
Aug  7 18:37:04: access: connection for localhost from ::1 (Mozilla/5.0 (Macintosh; Intel Mac OS X 10_7_5) AppleWebKit/537.36 (KHTML, like Gecko) Chrome/28.0.1500.95 Safari/537.36): 
Aug  7 18:37:04: access: connection for localhost from ::1 (Mozilla/5.0 (Macintosh; Intel Mac OS X 10_7_5) AppleWebKit/537.36 (KHTML, like Gecko) Chrome/28.0.1500.95 Safari/537.36): w2wt.js
Aug  7 18:37:04: access: connection for localhost from ::1 (Mozilla/5.0 (Macintosh; Intel Mac OS X 10_7_5) AppleWebKit/537.36 (KHTML, like Gecko) Chrome/28.0.1500.95 Safari/537.36): 
Aug  7 18:37:04: access: connection for localhost from ::1 (Mozilla/5.0 (Macintosh; Intel Mac OS X 10_7_5) AppleWebKit/537.36 (KHTML, like Gecko) Chrome/28.0.1500.95 Safari/537.36): 
Aug  7 18:45:01: access: connection for localhost from ::1 (Mozilla/5.0 (Macintosh; Intel Mac OS X 10_7_5) AppleWebKit/537.36 (KHTML, like Gecko) Chrome/28.0.1500.95 Safari/537.36): 
Aug  7 18:45:01: access: connection for localhost from ::1 (Mozilla/5.0 (Macintosh; Intel Mac OS X 10_7_5) AppleWebKit/537.36 (KHTML, like Gecko) Chrome/28.0.1500.95 Safari/537.36): w2wt.js
Aug  7 18:45:01: access: connection for localhost from ::1 (Mozilla/5.0 (Macintosh; Intel Mac OS X 10_7_5) AppleWebKit/537.36 (KHTML, like Gecko) Chrome/28.0.1500.95 Safari/537.36): 
Aug  7 18:45:02: access: connection for localhost from ::1 (Mozilla/5.0 (Macintosh; Intel Mac OS X 10_7_5) AppleWebKit/537.36 (KHTML, like Gecko) Chrome/28.0.1500.95 Safari/537.36): 
Aug  7 18:48:52: access: connection for localhost from ::1 (Mozilla/5.0 (Macintosh; Intel Mac OS X 10_7_5) AppleWebKit/537.36 (KHTML, like Gecko) Chrome/28.0.1500.95 Safari/537.36): 
Aug  7 18:48:52: access: connection for localhost from ::1 (Mozilla/5.0 (Macintosh; Intel Mac OS X 10_7_5) AppleWebKit/537.36 (KHTML, like Gecko) Chrome/28.0.1500.95 Safari/537.36): w2wt.js
Aug  7 18:48:52: access: connection for localhost from ::1 (Mozilla/5.0 (Macintosh; Intel Mac OS X 10_7_5) AppleWebKit/537.36 (KHTML, like Gecko) Chrome/28.0.1500.95 Safari/537.36): 
Aug  7 18:48:53: access: connection for localhost from ::1 (Mozilla/5.0 (Macintosh; Intel Mac OS X 10_7_5) AppleWebKit/537.36 (KHTML, like Gecko) Chrome/28.0.1500.95 Safari/537.36): 
Aug  7 18:49:45: access: connection for localhost from ::1 (Mozilla/5.0 (Macintosh; Intel Mac OS X 10_7_5) AppleWebKit/537.36 (KHTML, like Gecko) Chrome/28.0.1500.95 Safari/537.36): 
Aug  7 18:49:45: access: connection for localhost from ::1 (Mozilla/5.0 (Macintosh; Intel Mac OS X 10_7_5) AppleWebKit/537.36 (KHTML, like Gecko) Chrome/28.0.1500.95 Safari/537.36): w2wt.js
Aug  7 18:49:46: access: connection for localhost from ::1 (Mozilla/5.0 (Macintosh; Intel Mac OS X 10_7_5) AppleWebKit/537.36 (KHTML, like Gecko) Chrome/28.0.1500.95 Safari/537.36): 
Aug  7 18:49:46: access: connection for localhost from ::1 (Mozilla/5.0 (Macintosh; Intel Mac OS X 10_7_5) AppleWebKit/537.36 (KHTML, like Gecko) Chrome/28.0.1500.95 Safari/537.36): 
Aug  7 18:50:19: access: connection for localhost from ::1 (Mozilla/5.0 (Macintosh; Intel Mac OS X 10_7_5) AppleWebKit/537.36 (KHTML, like Gecko) Chrome/28.0.1500.95 Safari/537.36): 
Aug  7 18:50:19: access: connection for localhost from ::1 (Mozilla/5.0 (Macintosh; Intel Mac OS X 10_7_5) AppleWebKit/537.36 (KHTML, like Gecko) Chrome/28.0.1500.95 Safari/537.36): w2wt.js
Aug  7 18:50:19: access: connection for localhost from ::1 (Mozilla/5.0 (Macintosh; Intel Mac OS X 10_7_5) AppleWebKit/537.36 (KHTML, like Gecko) Chrome/28.0.1500.95 Safari/537.36): 
Aug  7 18:50:19: access: connection for localhost from ::1 (Mozilla/5.0 (Macintosh; Intel Mac OS X 10_7_5) AppleWebKit/537.36 (KHTML, like Gecko) Chrome/28.0.1500.95 Safari/537.36): 
Aug  7 18:50:27: access: connection for localhost from ::1 (Mozilla/5.0 (Macintosh; Intel Mac OS X 10_7_5) AppleWebKit/537.36 (KHTML, like Gecko) Chrome/28.0.1500.95 Safari/537.36): 
Aug  7 18:50:27: access: connection for localhost from ::1 (Mozilla/5.0 (Macintosh; Intel Mac OS X 10_7_5) AppleWebKit/537.36 (KHTML, like Gecko) Chrome/28.0.1500.95 Safari/537.36): w2wt.js
Aug  7 18:50:27: access: connection for localhost from ::1 (Mozilla/5.0 (Macintosh; Intel Mac OS X 10_7_5) AppleWebKit/537.36 (KHTML, like Gecko) Chrome/28.0.1500.95 Safari/537.36): 
Aug  7 18:50:27: access: connection for localhost from ::1 (Mozilla/5.0 (Macintosh; Intel Mac OS X 10_7_5) AppleWebKit/537.36 (KHTML, like Gecko) Chrome/28.0.1500.95 Safari/537.36): favicon.ico
Aug  7 18:50:27: access: connection for localhost from ::1 (Mozilla/5.0 (Macintosh; Intel Mac OS X 10_7_5) AppleWebKit/537.36 (KHTML, like Gecko) Chrome/28.0.1500.95 Safari/537.36): 
Aug  7 18:50:28: access: connection for localhost from ::1 (Mozilla/5.0 (Macintosh; Intel Mac OS X 10_7_5) AppleWebKit/537.36 (KHTML, like Gecko) Chrome/28.0.1500.95 Safari/537.36): favicon.ico
Aug  7 18:50:29: access: connection for localhost from ::1 (Mozilla/5.0 (Macintosh; Intel Mac OS X 10_7_5) AppleWebKit/537.36 (KHTML, like Gecko) Chrome/28.0.1500.95 Safari/537.36): 
Aug  7 18:50:29: access: connection for localhost from ::1 (Mozilla/5.0 (Macintosh; Intel Mac OS X 10_7_5) AppleWebKit/537.36 (KHTML, like Gecko) Chrome/28.0.1500.95 Safari/537.36): w2wt.js
Aug  7 18:50:29: access: connection for localhost from ::1 (Mozilla/5.0 (Macintosh; Intel Mac OS X 10_7_5) AppleWebKit/537.36 (KHTML, like Gecko) Chrome/28.0.1500.95 Safari/537.36): 
Aug  7 18:50:29: access: connection for localhost from ::1 (Mozilla/5.0 (Macintosh; Intel Mac OS X 10_7_5) AppleWebKit/537.36 (KHTML, like Gecko) Chrome/28.0.1500.95 Safari/537.36): favicon.ico
Aug  7 18:50:29: access: connection for localhost from ::1 (Mozilla/5.0 (Macintosh; Intel Mac OS X 10_7_5) AppleWebKit/537.36 (KHTML, like Gecko) Chrome/28.0.1500.95 Safari/537.36): 
Aug  7 18:50:30: access: connection for localhost from ::1 (Mozilla/5.0 (Macintosh; Intel Mac OS X 10_7_5) AppleWebKit/537.36 (KHTML, like Gecko) Chrome/28.0.1500.95 Safari/537.36): favicon.ico
Aug  7 18:50:42: access: connection for localhost from ::1 (Mozilla/5.0 (Macintosh; Intel Mac OS X 10_7_5) AppleWebKit/537.36 (KHTML, like Gecko) Chrome/28.0.1500.95 Safari/537.36): 
Aug  7 18:50:42: access: connection for localhost from ::1 (Mozilla/5.0 (Macintosh; Intel Mac OS X 10_7_5) AppleWebKit/537.36 (KHTML, like Gecko) Chrome/28.0.1500.95 Safari/537.36): w2wt.js
Aug  7 18:50:42: access: connection for localhost from ::1 (Mozilla/5.0 (Macintosh; Intel Mac OS X 10_7_5) AppleWebKit/537.36 (KHTML, like Gecko) Chrome/28.0.1500.95 Safari/537.36): 
Aug  7 18:50:42: access: connection for localhost from ::1 (Mozilla/5.0 (Macintosh; Intel Mac OS X 10_7_5) AppleWebKit/537.36 (KHTML, like Gecko) Chrome/28.0.1500.95 Safari/537.36): favicon.ico
Aug  7 18:50:42: access: connection for localhost from ::1 (Mozilla/5.0 (Macintosh; Intel Mac OS X 10_7_5) AppleWebKit/537.36 (KHTML, like Gecko) Chrome/28.0.1500.95 Safari/537.36): favicon.ico
Aug  7 18:50:43: access: connection for localhost from ::1 (Mozilla/5.0 (Macintosh; Intel Mac OS X 10_7_5) AppleWebKit/537.36 (KHTML, like Gecko) Chrome/28.0.1500.95 Safari/537.36): 
Aug  7 18:51:00: access: connection for localhost from ::1 (Mozilla/5.0 (Macintosh; Intel Mac OS X 10_7_5) AppleWebKit/537.36 (KHTML, like Gecko) Chrome/28.0.1500.95 Safari/537.36): 
Aug  7 18:51:00: access: connection for localhost from ::1 (Mozilla/5.0 (Macintosh; Intel Mac OS X 10_7_5) AppleWebKit/537.36 (KHTML, like Gecko) Chrome/28.0.1500.95 Safari/537.36): w2wt.js
Aug  7 18:51:01: access: connection for localhost from ::1 (Mozilla/5.0 (Macintosh; Intel Mac OS X 10_7_5) AppleWebKit/537.36 (KHTML, like Gecko) Chrome/28.0.1500.95 Safari/537.36): 
Aug  7 18:51:01: access: connection for localhost from ::1 (Mozilla/5.0 (Macintosh; Intel Mac OS X 10_7_5) AppleWebKit/537.36 (KHTML, like Gecko) Chrome/28.0.1500.95 Safari/537.36): favicon.ico
Aug  7 18:51:01: access: connection for localhost from ::1 (Mozilla/5.0 (Macintosh; Intel Mac OS X 10_7_5) AppleWebKit/537.36 (KHTML, like Gecko) Chrome/28.0.1500.95 Safari/537.36): favicon.ico
Aug  7 18:51:01: access: connection for localhost from ::1 (Mozilla/5.0 (Macintosh; Intel Mac OS X 10_7_5) AppleWebKit/537.36 (KHTML, like Gecko) Chrome/28.0.1500.95 Safari/537.36): 
Aug  7 18:55:29: access: connection for localhost from ::1 (Mozilla/5.0 (Macintosh; Intel Mac OS X 10_7_5) AppleWebKit/537.36 (KHTML, like Gecko) Chrome/28.0.1500.95 Safari/537.36): 
Aug  7 18:55:30: access: connection for localhost from ::1 (Mozilla/5.0 (Macintosh; Intel Mac OS X 10_7_5) AppleWebKit/537.36 (KHTML, like Gecko) Chrome/28.0.1500.95 Safari/537.36): w2wt.js
Aug  7 18:55:30: access: connection for localhost from ::1 (Mozilla/5.0 (Macintosh; Intel Mac OS X 10_7_5) AppleWebKit/537.36 (KHTML, like Gecko) Chrome/28.0.1500.95 Safari/537.36): 
Aug  7 18:55:30: access: connection for localhost from ::1 (Mozilla/5.0 (Macintosh; Intel Mac OS X 10_7_5) AppleWebKit/537.36 (KHTML, like Gecko) Chrome/28.0.1500.95 Safari/537.36): favicon.ico
Aug  7 18:55:30: access: connection for localhost from ::1 (Mozilla/5.0 (Macintosh; Intel Mac OS X 10_7_5) AppleWebKit/537.36 (KHTML, like Gecko) Chrome/28.0.1500.95 Safari/537.36): 
Aug  7 18:55:30: access: connection for localhost from ::1 (Mozilla/5.0 (Macintosh; Intel Mac OS X 10_7_5) AppleWebKit/537.36 (KHTML, like Gecko) Chrome/28.0.1500.95 Safari/537.36): favicon.ico
Aug  7 19:02:15: access: connection for localhost from ::1 (Mozilla/5.0 (Macintosh; Intel Mac OS X 10_7_5) AppleWebKit/537.36 (KHTML, like Gecko) Chrome/28.0.1500.95 Safari/537.36): 
Aug  7 19:02:15: access: connection for localhost from ::1 (Mozilla/5.0 (Macintosh; Intel Mac OS X 10_7_5) AppleWebKit/537.36 (KHTML, like Gecko) Chrome/28.0.1500.95 Safari/537.36): w2wt.js
Aug  7 19:02:16: access: connection for localhost from ::1 (Mozilla/5.0 (Macintosh; Intel Mac OS X 10_7_5) AppleWebKit/537.36 (KHTML, like Gecko) Chrome/28.0.1500.95 Safari/537.36): 
Aug  7 19:02:16: access: connection for localhost from ::1 (Mozilla/5.0 (Macintosh; Intel Mac OS X 10_7_5) AppleWebKit/537.36 (KHTML, like Gecko) Chrome/28.0.1500.95 Safari/537.36): favicon.ico
Aug  7 19:02:16: access: connection for localhost from ::1 (Mozilla/5.0 (Macintosh; Intel Mac OS X 10_7_5) AppleWebKit/537.36 (KHTML, like Gecko) Chrome/28.0.1500.95 Safari/537.36): 
Aug  7 19:02:16: access: connection for localhost from ::1 (Mozilla/5.0 (Macintosh; Intel Mac OS X 10_7_5) AppleWebKit/537.36 (KHTML, like Gecko) Chrome/28.0.1500.95 Safari/537.36): favicon.ico
Aug  7 19:02:17: access: connection for localhost from ::1 (Mozilla/5.0 (Macintosh; Intel Mac OS X 10_7_5) AppleWebKit/537.36 (KHTML, like Gecko) Chrome/28.0.1500.95 Safari/537.36): 
Aug  7 19:02:17: access: connection for localhost from ::1 (Mozilla/5.0 (Macintosh; Intel Mac OS X 10_7_5) AppleWebKit/537.36 (KHTML, like Gecko) Chrome/28.0.1500.95 Safari/537.36): w2wt.js
Aug  7 19:02:17: access: connection for localhost from ::1 (Mozilla/5.0 (Macintosh; Intel Mac OS X 10_7_5) AppleWebKit/537.36 (KHTML, like Gecko) Chrome/28.0.1500.95 Safari/537.36): 
Aug  7 19:02:17: access: connection for localhost from ::1 (Mozilla/5.0 (Macintosh; Intel Mac OS X 10_7_5) AppleWebKit/537.36 (KHTML, like Gecko) Chrome/28.0.1500.95 Safari/537.36): favicon.ico
Aug  7 19:02:17: access: connection for localhost from ::1 (Mozilla/5.0 (Macintosh; Intel Mac OS X 10_7_5) AppleWebKit/537.36 (KHTML, like Gecko) Chrome/28.0.1500.95 Safari/537.36): 
Aug  7 19:02:18: access: connection for localhost from ::1 (Mozilla/5.0 (Macintosh; Intel Mac OS X 10_7_5) AppleWebKit/537.36 (KHTML, like Gecko) Chrome/28.0.1500.95 Safari/537.36): favicon.ico
Aug  7 19:03:23: access: connection for localhost from ::1 (Mozilla/5.0 (Macintosh; Intel Mac OS X 10_7_5) AppleWebKit/537.36 (KHTML, like Gecko) Chrome/28.0.1500.95 Safari/537.36): 
Aug  7 19:03:23: access: connection for localhost from ::1 (Mozilla/5.0 (Macintosh; Intel Mac OS X 10_7_5) AppleWebKit/537.36 (KHTML, like Gecko) Chrome/28.0.1500.95 Safari/537.36): w2wt.js
Aug  7 19:03:23: access: connection for localhost from ::1 (Mozilla/5.0 (Macintosh; Intel Mac OS X 10_7_5) AppleWebKit/537.36 (KHTML, like Gecko) Chrome/28.0.1500.95 Safari/537.36): 
Aug  7 19:03:25: access: connection for localhost from ::1 (Mozilla/5.0 (Macintosh; Intel Mac OS X 10_7_5) AppleWebKit/537.36 (KHTML, like Gecko) Chrome/28.0.1500.95 Safari/537.36): favicon.ico
Aug  7 19:03:25: access: connection for localhost from ::1 (Mozilla/5.0 (Macintosh; Intel Mac OS X 10_7_5) AppleWebKit/537.36 (KHTML, like Gecko) Chrome/28.0.1500.95 Safari/537.36): favicon.ico
Aug  7 19:03:25: access: connection for localhost from ::1 (Mozilla/5.0 (Macintosh; Intel Mac OS X 10_7_5) AppleWebKit/537.36 (KHTML, like Gecko) Chrome/28.0.1500.95 Safari/537.36): 
Aug  7 19:03:39: access: connection for localhost from ::1 (Mozilla/5.0 (Macintosh; Intel Mac OS X 10_7_5) AppleWebKit/537.36 (KHTML, like Gecko) Chrome/28.0.1500.95 Safari/537.36): 
Aug  7 19:03:39: access: connection for localhost from ::1 (Mozilla/5.0 (Macintosh; Intel Mac OS X 10_7_5) AppleWebKit/537.36 (KHTML, like Gecko) Chrome/28.0.1500.95 Safari/537.36): w2wt.js
Aug  7 19:03:40: access: connection for localhost from ::1 (Mozilla/5.0 (Macintosh; Intel Mac OS X 10_7_5) AppleWebKit/537.36 (KHTML, like Gecko) Chrome/28.0.1500.95 Safari/537.36): 
Aug  7 19:03:41: access: connection for localhost from ::1 (Mozilla/5.0 (Macintosh; Intel Mac OS X 10_7_5) AppleWebKit/537.36 (KHTML, like Gecko) Chrome/28.0.1500.95 Safari/537.36): favicon.ico
Aug  7 19:03:41: access: connection for localhost from ::1 (Mozilla/5.0 (Macintosh; Intel Mac OS X 10_7_5) AppleWebKit/537.36 (KHTML, like Gecko) Chrome/28.0.1500.95 Safari/537.36): favicon.ico
Aug  7 19:03:41: access: connection for localhost from ::1 (Mozilla/5.0 (Macintosh; Intel Mac OS X 10_7_5) AppleWebKit/537.36 (KHTML, like Gecko) Chrome/28.0.1500.95 Safari/537.36): 
Aug  7 19:03:50: access: connection for localhost from ::1 (Mozilla/5.0 (Macintosh; Intel Mac OS X 10_7_5) AppleWebKit/537.36 (KHTML, like Gecko) Chrome/28.0.1500.95 Safari/537.36): 
Aug  7 19:03:50: access: connection for localhost from ::1 (Mozilla/5.0 (Macintosh; Intel Mac OS X 10_7_5) AppleWebKit/537.36 (KHTML, like Gecko) Chrome/28.0.1500.95 Safari/537.36): w2wt.js
Aug  7 19:03:50: access: connection for localhost from ::1 (Mozilla/5.0 (Macintosh; Intel Mac OS X 10_7_5) AppleWebKit/537.36 (KHTML, like Gecko) Chrome/28.0.1500.95 Safari/537.36): 
Aug  7 19:03:50: access: connection for localhost from ::1 (Mozilla/5.0 (Macintosh; Intel Mac OS X 10_7_5) AppleWebKit/537.36 (KHTML, like Gecko) Chrome/28.0.1500.95 Safari/537.36): favicon.ico
Aug  7 19:03:50: access: connection for localhost from ::1 (Mozilla/5.0 (Macintosh; Intel Mac OS X 10_7_5) AppleWebKit/537.36 (KHTML, like Gecko) Chrome/28.0.1500.95 Safari/537.36): 
Aug  7 19:03:51: access: connection for localhost from ::1 (Mozilla/5.0 (Macintosh; Intel Mac OS X 10_7_5) AppleWebKit/537.36 (KHTML, like Gecko) Chrome/28.0.1500.95 Safari/537.36): favicon.ico
Aug  7 19:03:51: access: connection for localhost from ::1 (Mozilla/5.0 (Macintosh; Intel Mac OS X 10_7_5) AppleWebKit/537.36 (KHTML, like Gecko) Chrome/28.0.1500.95 Safari/537.36): 
Aug  7 19:03:51: access: connection for localhost from ::1 (Mozilla/5.0 (Macintosh; Intel Mac OS X 10_7_5) AppleWebKit/537.36 (KHTML, like Gecko) Chrome/28.0.1500.95 Safari/537.36): w2wt.js
Aug  7 19:03:52: access: connection for localhost from ::1 (Mozilla/5.0 (Macintosh; Intel Mac OS X 10_7_5) AppleWebKit/537.36 (KHTML, like Gecko) Chrome/28.0.1500.95 Safari/537.36): 
Aug  7 19:03:52: access: connection for localhost from ::1 (Mozilla/5.0 (Macintosh; Intel Mac OS X 10_7_5) AppleWebKit/537.36 (KHTML, like Gecko) Chrome/28.0.1500.95 Safari/537.36): favicon.ico
Aug  7 19:03:52: access: connection for localhost from ::1 (Mozilla/5.0 (Macintosh; Intel Mac OS X 10_7_5) AppleWebKit/537.36 (KHTML, like Gecko) Chrome/28.0.1500.95 Safari/537.36): 
Aug  7 19:03:52: access: connection for localhost from ::1 (Mozilla/5.0 (Macintosh; Intel Mac OS X 10_7_5) AppleWebKit/537.36 (KHTML, like Gecko) Chrome/28.0.1500.95 Safari/537.36): favicon.ico
Aug  7 19:03:52: access: connection for localhost from ::1 (Mozilla/5.0 (Macintosh; Intel Mac OS X 10_7_5) AppleWebKit/537.36 (KHTML, like Gecko) Chrome/28.0.1500.95 Safari/537.36): 
Aug  7 19:03:53: access: connection for localhost from ::1 (Mozilla/5.0 (Macintosh; Intel Mac OS X 10_7_5) AppleWebKit/537.36 (KHTML, like Gecko) Chrome/28.0.1500.95 Safari/537.36): w2wt.js
Aug  7 19:03:53: access: connection for localhost from ::1 (Mozilla/5.0 (Macintosh; Intel Mac OS X 10_7_5) AppleWebKit/537.36 (KHTML, like Gecko) Chrome/28.0.1500.95 Safari/537.36): 
Aug  7 19:03:53: access: connection for localhost from ::1 (Mozilla/5.0 (Macintosh; Intel Mac OS X 10_7_5) AppleWebKit/537.36 (KHTML, like Gecko) Chrome/28.0.1500.95 Safari/537.36): favicon.ico
Aug  7 19:03:53: access: connection for localhost from ::1 (Mozilla/5.0 (Macintosh; Intel Mac OS X 10_7_5) AppleWebKit/537.36 (KHTML, like Gecko) Chrome/28.0.1500.95 Safari/537.36): 
Aug  7 19:03:53: access: connection for localhost from ::1 (Mozilla/5.0 (Macintosh; Intel Mac OS X 10_7_5) AppleWebKit/537.36 (KHTML, like Gecko) Chrome/28.0.1500.95 Safari/537.36): favicon.ico
Aug  7 19:04:30: access: connection for localhost from ::1 (Mozilla/5.0 (Macintosh; Intel Mac OS X 10_7_5) AppleWebKit/537.36 (KHTML, like Gecko) Chrome/28.0.1500.95 Safari/537.36): 
Aug  7 19:04:30: access: connection for localhost from ::1 (Mozilla/5.0 (Macintosh; Intel Mac OS X 10_7_5) AppleWebKit/537.36 (KHTML, like Gecko) Chrome/28.0.1500.95 Safari/537.36): w2wt.js
Aug  7 19:04:30: access: connection for localhost from ::1 (Mozilla/5.0 (Macintosh; Intel Mac OS X 10_7_5) AppleWebKit/537.36 (KHTML, like Gecko) Chrome/28.0.1500.95 Safari/537.36): 
Aug  7 19:04:33: access: connection for localhost from ::1 (Mozilla/5.0 (Macintosh; Intel Mac OS X 10_7_5) AppleWebKit/537.36 (KHTML, like Gecko) Chrome/28.0.1500.95 Safari/537.36): favicon.ico
Aug  7 19:04:33: access: connection for localhost from ::1 (Mozilla/5.0 (Macintosh; Intel Mac OS X 10_7_5) AppleWebKit/537.36 (KHTML, like Gecko) Chrome/28.0.1500.95 Safari/537.36): favicon.ico
Aug  7 19:04:33: access: connection for localhost from ::1 (Mozilla/5.0 (Macintosh; Intel Mac OS X 10_7_5) AppleWebKit/537.36 (KHTML, like Gecko) Chrome/28.0.1500.95 Safari/537.36): 
Aug  7 19:05:13: access: connection for localhost from ::1 (Mozilla/5.0 (Macintosh; Intel Mac OS X 10_7_5) AppleWebKit/537.36 (KHTML, like Gecko) Chrome/28.0.1500.95 Safari/537.36): 
Aug  7 19:05:13: access: connection for localhost from ::1 (Mozilla/5.0 (Macintosh; Intel Mac OS X 10_7_5) AppleWebKit/537.36 (KHTML, like Gecko) Chrome/28.0.1500.95 Safari/537.36): w2wt.js
Aug  7 19:05:13: access: connection for localhost from ::1 (Mozilla/5.0 (Macintosh; Intel Mac OS X 10_7_5) AppleWebKit/537.36 (KHTML, like Gecko) Chrome/28.0.1500.95 Safari/537.36): 
Aug  7 19:05:14: access: connection for localhost from ::1 (Mozilla/5.0 (Macintosh; Intel Mac OS X 10_7_5) AppleWebKit/537.36 (KHTML, like Gecko) Chrome/28.0.1500.95 Safari/537.36): favicon.ico
Aug  7 19:05:14: access: connection for localhost from ::1 (Mozilla/5.0 (Macintosh; Intel Mac OS X 10_7_5) AppleWebKit/537.36 (KHTML, like Gecko) Chrome/28.0.1500.95 Safari/537.36): favicon.ico
Aug  7 19:05:14: access: connection for localhost from ::1 (Mozilla/5.0 (Macintosh; Intel Mac OS X 10_7_5) AppleWebKit/537.36 (KHTML, like Gecko) Chrome/28.0.1500.95 Safari/537.36): 
Aug  7 19:05:28: access: connection for localhost from ::1 (Mozilla/5.0 (Macintosh; Intel Mac OS X 10_7_5) AppleWebKit/537.36 (KHTML, like Gecko) Chrome/28.0.1500.95 Safari/537.36): 
Aug  7 19:05:28: access: connection for localhost from ::1 (Mozilla/5.0 (Macintosh; Intel Mac OS X 10_7_5) AppleWebKit/537.36 (KHTML, like Gecko) Chrome/28.0.1500.95 Safari/537.36): w2wt.js
Aug  7 19:05:28: access: connection for localhost from ::1 (Mozilla/5.0 (Macintosh; Intel Mac OS X 10_7_5) AppleWebKit/537.36 (KHTML, like Gecko) Chrome/28.0.1500.95 Safari/537.36): 
Aug  7 19:05:29: access: connection for localhost from ::1 (Mozilla/5.0 (Macintosh; Intel Mac OS X 10_7_5) AppleWebKit/537.36 (KHTML, like Gecko) Chrome/28.0.1500.95 Safari/537.36): favicon.ico
Aug  7 19:05:29: access: connection for localhost from ::1 (Mozilla/5.0 (Macintosh; Intel Mac OS X 10_7_5) AppleWebKit/537.36 (KHTML, like Gecko) Chrome/28.0.1500.95 Safari/537.36): favicon.ico
Aug  7 19:05:29: access: connection for localhost from ::1 (Mozilla/5.0 (Macintosh; Intel Mac OS X 10_7_5) AppleWebKit/537.36 (KHTML, like Gecko) Chrome/28.0.1500.95 Safari/537.36): 
Aug  7 22:39:00: access: connection for localhost from ::1 (Mozilla/5.0 (Macintosh; Intel Mac OS X 10_7_5) AppleWebKit/537.36 (KHTML, like Gecko) Chrome/28.0.1500.95 Safari/537.36): 
Aug  7 22:39:00: access: connection for localhost from ::1 (Mozilla/5.0 (Macintosh; Intel Mac OS X 10_7_5) AppleWebKit/537.36 (KHTML, like Gecko) Chrome/28.0.1500.95 Safari/537.36): w2wt.js
Aug  7 22:39:01: access: connection for localhost from ::1 (Mozilla/5.0 (Macintosh; Intel Mac OS X 10_7_5) AppleWebKit/537.36 (KHTML, like Gecko) Chrome/28.0.1500.95 Safari/537.36): 
Aug  7 22:39:01: access: connection for localhost from ::1 (Mozilla/5.0 (Macintosh; Intel Mac OS X 10_7_5) AppleWebKit/537.36 (KHTML, like Gecko) Chrome/28.0.1500.95 Safari/537.36): favicon.ico
Aug  7 22:39:01: access: connection for localhost from ::1 (Mozilla/5.0 (Macintosh; Intel Mac OS X 10_7_5) AppleWebKit/537.36 (KHTML, like Gecko) Chrome/28.0.1500.95 Safari/537.36): 
Aug  7 22:39:15: access: connection for localhost from ::1 (Mozilla/5.0 (Macintosh; Intel Mac OS X 10_7_5) AppleWebKit/537.36 (KHTML, like Gecko) Chrome/28.0.1500.95 Safari/537.36): 
Aug  7 22:39:15: access: connection for localhost from ::1 (Mozilla/5.0 (Macintosh; Intel Mac OS X 10_7_5) AppleWebKit/537.36 (KHTML, like Gecko) Chrome/28.0.1500.95 Safari/537.36): w2wt.js
Aug  7 22:39:15: access: connection for localhost from ::1 (Mozilla/5.0 (Macintosh; Intel Mac OS X 10_7_5) AppleWebKit/537.36 (KHTML, like Gecko) Chrome/28.0.1500.95 Safari/537.36): 
Aug  7 22:39:15: access: connection for localhost from ::1 (Mozilla/5.0 (Macintosh; Intel Mac OS X 10_7_5) AppleWebKit/537.36 (KHTML, like Gecko) Chrome/28.0.1500.95 Safari/537.36): favicon.ico
Aug  7 22:39:15: access: connection for localhost from ::1 (Mozilla/5.0 (Macintosh; Intel Mac OS X 10_7_5) AppleWebKit/537.36 (KHTML, like Gecko) Chrome/28.0.1500.95 Safari/537.36): 
Aug  7 22:39:15: access: connection for localhost from ::1 (Mozilla/5.0 (Macintosh; Intel Mac OS X 10_7_5) AppleWebKit/537.36 (KHTML, like Gecko) Chrome/28.0.1500.95 Safari/537.36): favicon.ico
Aug  7 22:39:27: access: connection for localhost from ::1 (Mozilla/5.0 (Macintosh; Intel Mac OS X 10_7_5) AppleWebKit/537.36 (KHTML, like Gecko) Chrome/28.0.1500.95 Safari/537.36): 
Aug  7 22:39:27: access: connection for localhost from ::1 (Mozilla/5.0 (Macintosh; Intel Mac OS X 10_7_5) AppleWebKit/537.36 (KHTML, like Gecko) Chrome/28.0.1500.95 Safari/537.36): w2wt.js
Aug  7 22:39:27: access: connection for localhost from ::1 (Mozilla/5.0 (Macintosh; Intel Mac OS X 10_7_5) AppleWebKit/537.36 (KHTML, like Gecko) Chrome/28.0.1500.95 Safari/537.36): 
Aug  7 22:39:27: access: connection for localhost from ::1 (Mozilla/5.0 (Macintosh; Intel Mac OS X 10_7_5) AppleWebKit/537.36 (KHTML, like Gecko) Chrome/28.0.1500.95 Safari/537.36): favicon.ico
Aug  7 22:39:27: access: connection for localhost from ::1 (Mozilla/5.0 (Macintosh; Intel Mac OS X 10_7_5) AppleWebKit/537.36 (KHTML, like Gecko) Chrome/28.0.1500.95 Safari/537.36): 
Aug  7 22:39:27: access: connection for localhost from ::1 (Mozilla/5.0 (Macintosh; Intel Mac OS X 10_7_5) AppleWebKit/537.36 (KHTML, like Gecko) Chrome/28.0.1500.95 Safari/537.36): favicon.ico
Aug  7 22:39:28: access: connection for localhost from ::1 (Mozilla/5.0 (Macintosh; Intel Mac OS X 10_7_5) AppleWebKit/537.36 (KHTML, like Gecko) Chrome/28.0.1500.95 Safari/537.36): 
Aug  7 22:39:28: access: connection for localhost from ::1 (Mozilla/5.0 (Macintosh; Intel Mac OS X 10_7_5) AppleWebKit/537.36 (KHTML, like Gecko) Chrome/28.0.1500.95 Safari/537.36): w2wt.js
Aug  7 22:39:29: access: connection for localhost from ::1 (Mozilla/5.0 (Macintosh; Intel Mac OS X 10_7_5) AppleWebKit/537.36 (KHTML, like Gecko) Chrome/28.0.1500.95 Safari/537.36): 
Aug  7 22:39:29: access: connection for localhost from ::1 (Mozilla/5.0 (Macintosh; Intel Mac OS X 10_7_5) AppleWebKit/537.36 (KHTML, like Gecko) Chrome/28.0.1500.95 Safari/537.36): favicon.ico
Aug  7 22:39:29: access: connection for localhost from ::1 (Mozilla/5.0 (Macintosh; Intel Mac OS X 10_7_5) AppleWebKit/537.36 (KHTML, like Gecko) Chrome/28.0.1500.95 Safari/537.36): 
Aug  7 22:39:31: access: connection for localhost from ::1 (Mozilla/5.0 (Macintosh; Intel Mac OS X 10_7_5) AppleWebKit/537.36 (KHTML, like Gecko) Chrome/28.0.1500.95 Safari/537.36): favicon.ico
Aug  7 22:39:34: access: connection for localhost from ::1 (Mozilla/5.0 (Macintosh; Intel Mac OS X 10_7_5) AppleWebKit/537.36 (KHTML, like Gecko) Chrome/28.0.1500.95 Safari/537.36): 
Aug  7 22:39:34: access: connection for localhost from ::1 (Mozilla/5.0 (Macintosh; Intel Mac OS X 10_7_5) AppleWebKit/537.36 (KHTML, like Gecko) Chrome/28.0.1500.95 Safari/537.36): w2wt.js
Aug  7 22:39:35: access: connection for localhost from ::1 (Mozilla/5.0 (Macintosh; Intel Mac OS X 10_7_5) AppleWebKit/537.36 (KHTML, like Gecko) Chrome/28.0.1500.95 Safari/537.36): 
Aug  7 22:39:35: access: connection for localhost from ::1 (Mozilla/5.0 (Macintosh; Intel Mac OS X 10_7_5) AppleWebKit/537.36 (KHTML, like Gecko) Chrome/28.0.1500.95 Safari/537.36): 
Aug  7 22:39:35: access: connection for localhost from ::1 (Mozilla/5.0 (Macintosh; Intel Mac OS X 10_7_5) AppleWebKit/537.36 (KHTML, like Gecko) Chrome/28.0.1500.95 Safari/537.36): favicon.ico
Aug  7 22:39:35: access: connection for localhost from ::1 (Mozilla/5.0 (Macintosh; Intel Mac OS X 10_7_5) AppleWebKit/537.36 (KHTML, like Gecko) Chrome/28.0.1500.95 Safari/537.36): favicon.ico
Aug  7 22:40:47: access: connection for localhost from ::1 (Mozilla/5.0 (Macintosh; Intel Mac OS X 10_7_5) AppleWebKit/537.36 (KHTML, like Gecko) Chrome/28.0.1500.95 Safari/537.36): 
Aug  7 22:40:47: access: connection for localhost from ::1 (Mozilla/5.0 (Macintosh; Intel Mac OS X 10_7_5) AppleWebKit/537.36 (KHTML, like Gecko) Chrome/28.0.1500.95 Safari/537.36): w2wt.js
Aug  7 22:40:47: access: connection for localhost from ::1 (Mozilla/5.0 (Macintosh; Intel Mac OS X 10_7_5) AppleWebKit/537.36 (KHTML, like Gecko) Chrome/28.0.1500.95 Safari/537.36): 
Aug  7 22:40:47: access: connection for localhost from ::1 (Mozilla/5.0 (Macintosh; Intel Mac OS X 10_7_5) AppleWebKit/537.36 (KHTML, like Gecko) Chrome/28.0.1500.95 Safari/537.36): favicon.ico
Aug  7 22:40:47: access: connection for localhost from ::1 (Mozilla/5.0 (Macintosh; Intel Mac OS X 10_7_5) AppleWebKit/537.36 (KHTML, like Gecko) Chrome/28.0.1500.95 Safari/537.36): 
Aug  7 22:40:47: access: connection for localhost from ::1 (Mozilla/5.0 (Macintosh; Intel Mac OS X 10_7_5) AppleWebKit/537.36 (KHTML, like Gecko) Chrome/28.0.1500.95 Safari/537.36): favicon.ico
Aug  7 22:40:53: access: connection for localhost from ::1 (Mozilla/5.0 (Macintosh; Intel Mac OS X 10_7_5) AppleWebKit/537.36 (KHTML, like Gecko) Chrome/28.0.1500.95 Safari/537.36): 
Aug  7 22:40:53: access: connection for localhost from ::1 (Mozilla/5.0 (Macintosh; Intel Mac OS X 10_7_5) AppleWebKit/537.36 (KHTML, like Gecko) Chrome/28.0.1500.95 Safari/537.36): 
Aug  7 22:40:54: access: connection for localhost from ::1 (Mozilla/5.0 (Macintosh; Intel Mac OS X 10_7_5) AppleWebKit/537.36 (KHTML, like Gecko) Chrome/28.0.1500.95 Safari/537.36): favicon.ico
Aug  7 22:40:54: access: connection for localhost from ::1 (Mozilla/5.0 (Macintosh; Intel Mac OS X 10_7_5) AppleWebKit/537.36 (KHTML, like Gecko) Chrome/28.0.1500.95 Safari/537.36): favicon.ico
Aug  7 22:40:54: access: connection for localhost from ::1 (Mozilla/5.0 (Macintosh; Intel Mac OS X 10_7_5) AppleWebKit/537.36 (KHTML, like Gecko) Chrome/28.0.1500.95 Safari/537.36): 
Aug  7 22:43:40: access: connection for localhost from ::1 (Mozilla/5.0 (Macintosh; Intel Mac OS X 10_7_5) AppleWebKit/537.36 (KHTML, like Gecko) Chrome/28.0.1500.95 Safari/537.36): 
Aug  7 22:43:40: access: connection for localhost from ::1 (Mozilla/5.0 (Macintosh; Intel Mac OS X 10_7_5) AppleWebKit/537.36 (KHTML, like Gecko) Chrome/28.0.1500.95 Safari/537.36): w2wt.js
Aug  7 22:43:40: access: connection for localhost from ::1 (Mozilla/5.0 (Macintosh; Intel Mac OS X 10_7_5) AppleWebKit/537.36 (KHTML, like Gecko) Chrome/28.0.1500.95 Safari/537.36): 
Aug  7 22:43:41: access: connection for localhost from ::1 (Mozilla/5.0 (Macintosh; Intel Mac OS X 10_7_5) AppleWebKit/537.36 (KHTML, like Gecko) Chrome/28.0.1500.95 Safari/537.36): favicon.ico
Aug  7 22:43:41: access: connection for localhost from ::1 (Mozilla/5.0 (Macintosh; Intel Mac OS X 10_7_5) AppleWebKit/537.36 (KHTML, like Gecko) Chrome/28.0.1500.95 Safari/537.36): favicon.ico
Aug  7 22:43:41: access: connection for localhost from ::1 (Mozilla/5.0 (Macintosh; Intel Mac OS X 10_7_5) AppleWebKit/537.36 (KHTML, like Gecko) Chrome/28.0.1500.95 Safari/537.36): 
Aug  7 23:14:15: access: connection for localhost from ::1 (Mozilla/5.0 (Macintosh; Intel Mac OS X 10_7_5) AppleWebKit/537.36 (KHTML, like Gecko) Chrome/28.0.1500.95 Safari/537.36): 
Aug  7 23:14:15: access: connection for localhost from ::1 (Mozilla/5.0 (Macintosh; Intel Mac OS X 10_7_5) AppleWebKit/537.36 (KHTML, like Gecko) Chrome/28.0.1500.95 Safari/537.36): w2wt.js
Aug  7 23:14:15: access: connection for localhost from ::1 (Mozilla/5.0 (Macintosh; Intel Mac OS X 10_7_5) AppleWebKit/537.36 (KHTML, like Gecko) Chrome/28.0.1500.95 Safari/537.36): 
Aug  7 23:14:15: access: connection for localhost from ::1 (Mozilla/5.0 (Macintosh; Intel Mac OS X 10_7_5) AppleWebKit/537.36 (KHTML, like Gecko) Chrome/28.0.1500.95 Safari/537.36): favicon.ico
Aug  7 23:14:15: access: connection for localhost from ::1 (Mozilla/5.0 (Macintosh; Intel Mac OS X 10_7_5) AppleWebKit/537.36 (KHTML, like Gecko) Chrome/28.0.1500.95 Safari/537.36): favicon.ico
Aug  7 23:14:16: access: connection for localhost from ::1 (Mozilla/5.0 (Macintosh; Intel Mac OS X 10_7_5) AppleWebKit/537.36 (KHTML, like Gecko) Chrome/28.0.1500.95 Safari/537.36): 
Aug  7 23:14:20: access: connection for localhost from ::1 (Mozilla/5.0 (Macintosh; Intel Mac OS X 10_7_5) AppleWebKit/537.36 (KHTML, like Gecko) Chrome/28.0.1500.95 Safari/537.36): favicon.ico
Aug  7 23:14:21: access: connection for localhost from ::1 (Mozilla/5.0 (Macintosh; Intel Mac OS X 10_7_5) AppleWebKit/537.36 (KHTML, like Gecko) Chrome/28.0.1500.95 Safari/537.36): 
Aug  7 23:14:21: access: connection for localhost from ::1 (Mozilla/5.0 (Macintosh; Intel Mac OS X 10_7_5) AppleWebKit/537.36 (KHTML, like Gecko) Chrome/28.0.1500.95 Safari/537.36): w2wt.js
Aug  7 23:14:22: access: connection for localhost from ::1 (Mozilla/5.0 (Macintosh; Intel Mac OS X 10_7_5) AppleWebKit/537.36 (KHTML, like Gecko) Chrome/28.0.1500.95 Safari/537.36): 
Aug  7 23:14:22: access: connection for localhost from ::1 (Mozilla/5.0 (Macintosh; Intel Mac OS X 10_7_5) AppleWebKit/537.36 (KHTML, like Gecko) Chrome/28.0.1500.95 Safari/537.36): favicon.ico
Aug  7 23:14:22: access: connection for localhost from ::1 (Mozilla/5.0 (Macintosh; Intel Mac OS X 10_7_5) AppleWebKit/537.36 (KHTML, like Gecko) Chrome/28.0.1500.95 Safari/537.36): 
Aug  7 23:14:22: access: connection for localhost from ::1 (Mozilla/5.0 (Macintosh; Intel Mac OS X 10_7_5) AppleWebKit/537.36 (KHTML, like Gecko) Chrome/28.0.1500.95 Safari/537.36): favicon.ico
Aug  7 23:14:51: access: connection for localhost from ::1 (Mozilla/5.0 (Macintosh; Intel Mac OS X 10_7_5) AppleWebKit/537.36 (KHTML, like Gecko) Chrome/28.0.1500.95 Safari/537.36): 
Aug  7 23:14:51: access: connection for localhost from ::1 (Mozilla/5.0 (Macintosh; Intel Mac OS X 10_7_5) AppleWebKit/537.36 (KHTML, like Gecko) Chrome/28.0.1500.95 Safari/537.36): w2wt.js
Aug  7 23:14:52: access: connection for localhost from ::1 (Mozilla/5.0 (Macintosh; Intel Mac OS X 10_7_5) AppleWebKit/537.36 (KHTML, like Gecko) Chrome/28.0.1500.95 Safari/537.36): 
Aug  7 23:14:53: access: connection for localhost from ::1 (Mozilla/5.0 (Macintosh; Intel Mac OS X 10_7_5) AppleWebKit/537.36 (KHTML, like Gecko) Chrome/28.0.1500.95 Safari/537.36): favicon.ico
Aug  7 23:14:53: access: connection for localhost from ::1 (Mozilla/5.0 (Macintosh; Intel Mac OS X 10_7_5) AppleWebKit/537.36 (KHTML, like Gecko) Chrome/28.0.1500.95 Safari/537.36): favicon.ico
Aug  7 23:14:53: access: connection for localhost from ::1 (Mozilla/5.0 (Macintosh; Intel Mac OS X 10_7_5) AppleWebKit/537.36 (KHTML, like Gecko) Chrome/28.0.1500.95 Safari/537.36): 
Aug  7 23:15:24: access: connection for localhost from ::1 (Mozilla/5.0 (Macintosh; Intel Mac OS X 10_7_5) AppleWebKit/537.36 (KHTML, like Gecko) Chrome/28.0.1500.95 Safari/537.36): 
Aug  7 23:15:24: access: connection for localhost from ::1 (Mozilla/5.0 (Macintosh; Intel Mac OS X 10_7_5) AppleWebKit/537.36 (KHTML, like Gecko) Chrome/28.0.1500.95 Safari/537.36): w2wt.js
Aug  7 23:15:24: access: connection for localhost from ::1 (Mozilla/5.0 (Macintosh; Intel Mac OS X 10_7_5) AppleWebKit/537.36 (KHTML, like Gecko) Chrome/28.0.1500.95 Safari/537.36): 
Aug  7 23:15:25: access: connection for localhost from ::1 (Mozilla/5.0 (Macintosh; Intel Mac OS X 10_7_5) AppleWebKit/537.36 (KHTML, like Gecko) Chrome/28.0.1500.95 Safari/537.36): favicon.ico
Aug  7 23:15:25: access: connection for localhost from ::1 (Mozilla/5.0 (Macintosh; Intel Mac OS X 10_7_5) AppleWebKit/537.36 (KHTML, like Gecko) Chrome/28.0.1500.95 Safari/537.36): favicon.ico
Aug  7 23:15:25: access: connection for localhost from ::1 (Mozilla/5.0 (Macintosh; Intel Mac OS X 10_7_5) AppleWebKit/537.36 (KHTML, like Gecko) Chrome/28.0.1500.95 Safari/537.36): 
Aug  7 23:19:30: access: connection for localhost from ::1 (Mozilla/5.0 (Macintosh; Intel Mac OS X 10_7_5) AppleWebKit/537.36 (KHTML, like Gecko) Chrome/28.0.1500.95 Safari/537.36): 
Aug  7 23:19:30: access: connection for localhost from ::1 (Mozilla/5.0 (Macintosh; Intel Mac OS X 10_7_5) AppleWebKit/537.36 (KHTML, like Gecko) Chrome/28.0.1500.95 Safari/537.36): w2wt.js
Aug  7 23:19:30: access: connection for localhost from ::1 (Mozilla/5.0 (Macintosh; Intel Mac OS X 10_7_5) AppleWebKit/537.36 (KHTML, like Gecko) Chrome/28.0.1500.95 Safari/537.36): 
Aug  7 23:19:31: access: connection for localhost from ::1 (Mozilla/5.0 (Macintosh; Intel Mac OS X 10_7_5) AppleWebKit/537.36 (KHTML, like Gecko) Chrome/28.0.1500.95 Safari/537.36): favicon.ico
Aug  7 23:19:31: access: connection for localhost from ::1 (Mozilla/5.0 (Macintosh; Intel Mac OS X 10_7_5) AppleWebKit/537.36 (KHTML, like Gecko) Chrome/28.0.1500.95 Safari/537.36): favicon.ico
Aug  7 23:19:31: access: connection for localhost from ::1 (Mozilla/5.0 (Macintosh; Intel Mac OS X 10_7_5) AppleWebKit/537.36 (KHTML, like Gecko) Chrome/28.0.1500.95 Safari/537.36): 
Aug  7 23:20:18: access: connection for localhost from ::1 (Mozilla/5.0 (Macintosh; Intel Mac OS X 10_7_5) AppleWebKit/537.36 (KHTML, like Gecko) Chrome/28.0.1500.95 Safari/537.36): 
Aug  7 23:20:18: access: connection for localhost from ::1 (Mozilla/5.0 (Macintosh; Intel Mac OS X 10_7_5) AppleWebKit/537.36 (KHTML, like Gecko) Chrome/28.0.1500.95 Safari/537.36): w2wt.js
Aug  7 23:20:18: access: connection for localhost from ::1 (Mozilla/5.0 (Macintosh; Intel Mac OS X 10_7_5) AppleWebKit/537.36 (KHTML, like Gecko) Chrome/28.0.1500.95 Safari/537.36): 
Aug  7 23:20:19: access: connection for localhost from ::1 (Mozilla/5.0 (Macintosh; Intel Mac OS X 10_7_5) AppleWebKit/537.36 (KHTML, like Gecko) Chrome/28.0.1500.95 Safari/537.36): favicon.ico
Aug  7 23:20:19: access: connection for localhost from ::1 (Mozilla/5.0 (Macintosh; Intel Mac OS X 10_7_5) AppleWebKit/537.36 (KHTML, like Gecko) Chrome/28.0.1500.95 Safari/537.36): favicon.ico
Aug  7 23:20:19: access: connection for localhost from ::1 (Mozilla/5.0 (Macintosh; Intel Mac OS X 10_7_5) AppleWebKit/537.36 (KHTML, like Gecko) Chrome/28.0.1500.95 Safari/537.36): 
Aug  7 23:20:43: access: connection for localhost from ::1 (Mozilla/5.0 (Macintosh; Intel Mac OS X 10_7_5) AppleWebKit/537.36 (KHTML, like Gecko) Chrome/28.0.1500.95 Safari/537.36): 
Aug  7 23:20:43: access: connection for localhost from ::1 (Mozilla/5.0 (Macintosh; Intel Mac OS X 10_7_5) AppleWebKit/537.36 (KHTML, like Gecko) Chrome/28.0.1500.95 Safari/537.36): w2wt.js
Aug  7 23:20:43: access: connection for localhost from ::1 (Mozilla/5.0 (Macintosh; Intel Mac OS X 10_7_5) AppleWebKit/537.36 (KHTML, like Gecko) Chrome/28.0.1500.95 Safari/537.36): 
Aug  7 23:20:44: access: connection for localhost from ::1 (Mozilla/5.0 (Macintosh; Intel Mac OS X 10_7_5) AppleWebKit/537.36 (KHTML, like Gecko) Chrome/28.0.1500.95 Safari/537.36): favicon.ico
Aug  7 23:20:44: access: connection for localhost from ::1 (Mozilla/5.0 (Macintosh; Intel Mac OS X 10_7_5) AppleWebKit/537.36 (KHTML, like Gecko) Chrome/28.0.1500.95 Safari/537.36): favicon.ico
Aug  7 23:20:44: access: connection for localhost from ::1 (Mozilla/5.0 (Macintosh; Intel Mac OS X 10_7_5) AppleWebKit/537.36 (KHTML, like Gecko) Chrome/28.0.1500.95 Safari/537.36): 
Aug  7 23:20:45: access: connection for localhost from ::1 (Mozilla/5.0 (Macintosh; Intel Mac OS X 10_7_5) AppleWebKit/537.36 (KHTML, like Gecko) Chrome/28.0.1500.95 Safari/537.36): 
Aug  7 23:20:45: access: connection for localhost from ::1 (Mozilla/5.0 (Macintosh; Intel Mac OS X 10_7_5) AppleWebKit/537.36 (KHTML, like Gecko) Chrome/28.0.1500.95 Safari/537.36): w2wt.js
Aug  7 23:20:45: access: connection for localhost from ::1 (Mozilla/5.0 (Macintosh; Intel Mac OS X 10_7_5) AppleWebKit/537.36 (KHTML, like Gecko) Chrome/28.0.1500.95 Safari/537.36): 
Aug  7 23:20:45: access: connection for localhost from ::1 (Mozilla/5.0 (Macintosh; Intel Mac OS X 10_7_5) AppleWebKit/537.36 (KHTML, like Gecko) Chrome/28.0.1500.95 Safari/537.36): favicon.ico
Aug  7 23:20:45: access: connection for localhost from ::1 (Mozilla/5.0 (Macintosh; Intel Mac OS X 10_7_5) AppleWebKit/537.36 (KHTML, like Gecko) Chrome/28.0.1500.95 Safari/537.36): 
Aug  7 23:20:45: access: connection for localhost from ::1 (Mozilla/5.0 (Macintosh; Intel Mac OS X 10_7_5) AppleWebKit/537.36 (KHTML, like Gecko) Chrome/28.0.1500.95 Safari/537.36): favicon.ico
Aug  8 05:21:23: access: connection for localhost from ::1 (Mozilla/5.0 (Macintosh; Intel Mac OS X 10_7_5) AppleWebKit/537.36 (KHTML, like Gecko) Chrome/28.0.1500.95 Safari/537.36): 
Aug  8 05:21:24: access: connection for localhost from ::1 (Mozilla/5.0 (Macintosh; Intel Mac OS X 10_7_5) AppleWebKit/537.36 (KHTML, like Gecko) Chrome/28.0.1500.95 Safari/537.36): w2wt.js
Aug  8 05:21:24: access: connection for localhost from ::1 (Mozilla/5.0 (Macintosh; Intel Mac OS X 10_7_5) AppleWebKit/537.36 (KHTML, like Gecko) Chrome/28.0.1500.95 Safari/537.36): 
Aug  8 05:21:25: access: connection for localhost from ::1 (Mozilla/5.0 (Macintosh; Intel Mac OS X 10_7_5) AppleWebKit/537.36 (KHTML, like Gecko) Chrome/28.0.1500.95 Safari/537.36): favicon.ico
Aug  8 05:21:25: access: connection for localhost from ::1 (Mozilla/5.0 (Macintosh; Intel Mac OS X 10_7_5) AppleWebKit/537.36 (KHTML, like Gecko) Chrome/28.0.1500.95 Safari/537.36): favicon.ico
Aug  8 05:21:25: access: connection for localhost from ::1 (Mozilla/5.0 (Macintosh; Intel Mac OS X 10_7_5) AppleWebKit/537.36 (KHTML, like Gecko) Chrome/28.0.1500.95 Safari/537.36): favicon.ico
Aug  8 05:21:25: access: connection for localhost from ::1 (Mozilla/5.0 (Macintosh; Intel Mac OS X 10_7_5) AppleWebKit/537.36 (KHTML, like Gecko) Chrome/28.0.1500.95 Safari/537.36): 
Aug  8 05:21:28: access: connection for localhost from ::1 (Mozilla/5.0 (Macintosh; Intel Mac OS X 10_7_5) AppleWebKit/537.36 (KHTML, like Gecko) Chrome/28.0.1500.95 Safari/537.36): 
Aug  8 05:21:28: access: connection for localhost from ::1 (Mozilla/5.0 (Macintosh; Intel Mac OS X 10_7_5) AppleWebKit/537.36 (KHTML, like Gecko) Chrome/28.0.1500.95 Safari/537.36): w2wt.js
Aug  8 05:21:28: access: connection for localhost from ::1 (Mozilla/5.0 (Macintosh; Intel Mac OS X 10_7_5) AppleWebKit/537.36 (KHTML, like Gecko) Chrome/28.0.1500.95 Safari/537.36): 
Aug  8 05:21:28: access: connection for localhost from ::1 (Mozilla/5.0 (Macintosh; Intel Mac OS X 10_7_5) AppleWebKit/537.36 (KHTML, like Gecko) Chrome/28.0.1500.95 Safari/537.36): favicon.ico
Aug  8 05:21:28: access: connection for localhost from ::1 (Mozilla/5.0 (Macintosh; Intel Mac OS X 10_7_5) AppleWebKit/537.36 (KHTML, like Gecko) Chrome/28.0.1500.95 Safari/537.36): 
Aug  8 05:21:28: access: connection for localhost from ::1 (Mozilla/5.0 (Macintosh; Intel Mac OS X 10_7_5) AppleWebKit/537.36 (KHTML, like Gecko) Chrome/28.0.1500.95 Safari/537.36): favicon.ico
Aug  8 05:21:29: access: connection for localhost from ::1 (Mozilla/5.0 (Macintosh; Intel Mac OS X 10_7_5) AppleWebKit/537.36 (KHTML, like Gecko) Chrome/28.0.1500.95 Safari/537.36): favicon.ico
Aug  8 05:21:29: access: connection for localhost from ::1 (Mozilla/5.0 (Macintosh; Intel Mac OS X 10_7_5) AppleWebKit/537.36 (KHTML, like Gecko) Chrome/28.0.1500.95 Safari/537.36): 
Aug  8 05:21:29: access: connection for localhost from ::1 (Mozilla/5.0 (Macintosh; Intel Mac OS X 10_7_5) AppleWebKit/537.36 (KHTML, like Gecko) Chrome/28.0.1500.95 Safari/537.36): w2wt.js
Aug  8 05:21:29: access: connection for localhost from ::1 (Mozilla/5.0 (Macintosh; Intel Mac OS X 10_7_5) AppleWebKit/537.36 (KHTML, like Gecko) Chrome/28.0.1500.95 Safari/537.36): 
Aug  8 05:21:29: access: connection for localhost from ::1 (Mozilla/5.0 (Macintosh; Intel Mac OS X 10_7_5) AppleWebKit/537.36 (KHTML, like Gecko) Chrome/28.0.1500.95 Safari/537.36): favicon.ico
Aug  8 05:21:29: access: connection for localhost from ::1 (Mozilla/5.0 (Macintosh; Intel Mac OS X 10_7_5) AppleWebKit/537.36 (KHTML, like Gecko) Chrome/28.0.1500.95 Safari/537.36): 
Aug  8 05:21:29: access: connection for localhost from ::1 (Mozilla/5.0 (Macintosh; Intel Mac OS X 10_7_5) AppleWebKit/537.36 (KHTML, like Gecko) Chrome/28.0.1500.95 Safari/537.36): favicon.ico
Aug  8 05:21:43: access: connection for localhost from ::1 (Mozilla/5.0 (Macintosh; Intel Mac OS X 10_7_5) AppleWebKit/537.36 (KHTML, like Gecko) Chrome/28.0.1500.95 Safari/537.36): 
Aug  8 05:21:43: access: connection for localhost from ::1 (Mozilla/5.0 (Macintosh; Intel Mac OS X 10_7_5) AppleWebKit/537.36 (KHTML, like Gecko) Chrome/28.0.1500.95 Safari/537.36): w2wt.js
Aug  8 05:21:43: access: connection for localhost from ::1 (Mozilla/5.0 (Macintosh; Intel Mac OS X 10_7_5) AppleWebKit/537.36 (KHTML, like Gecko) Chrome/28.0.1500.95 Safari/537.36): 
Aug  8 05:21:43: access: connection for localhost from ::1 (Mozilla/5.0 (Macintosh; Intel Mac OS X 10_7_5) AppleWebKit/537.36 (KHTML, like Gecko) Chrome/28.0.1500.95 Safari/537.36): favicon.ico
Aug  8 05:21:43: access: connection for localhost from ::1 (Mozilla/5.0 (Macintosh; Intel Mac OS X 10_7_5) AppleWebKit/537.36 (KHTML, like Gecko) Chrome/28.0.1500.95 Safari/537.36): 
Aug  8 05:21:44: access: connection for localhost from ::1 (Mozilla/5.0 (Macintosh; Intel Mac OS X 10_7_5) AppleWebKit/537.36 (KHTML, like Gecko) Chrome/28.0.1500.95 Safari/537.36): favicon.ico
